<?xml version="1.0" encoding="utf-8"?>
<CoverageSession xmlns:xsd="http://www.w3.org/2001/XMLSchema" xmlns:xsi="http://www.w3.org/2001/XMLSchema-instance" Version="0.0.0.0">
  <Summary numSequencePoints="2946" visitedSequencePoints="674" numBranchPoints="0" visitedBranchPoints="0" sequenceCoverage="22.88" branchCoverage="0.0" maxCyclomaticComplexity="0" minCyclomaticComplexity="0" maxCrapScore="0" minCrapScore="0" visitedClasses="38" numClasses="140" visitedMethods="168" numMethods="531" />
  <Modules>
    <Module>
      <Summary numSequencePoints="746" visitedSequencePoints="582" numBranchPoints="0" visitedBranchPoints="0" sequenceCoverage="78.02" branchCoverage="0.0" maxCyclomaticComplexity="0" minCyclomaticComplexity="0" maxCrapScore="0" minCrapScore="0" visitedClasses="31" numClasses="35" visitedMethods="148" numMethods="179" />
      <ModuleTime>0001-01-01T00:00:00</ModuleTime>
      <ModuleName>MainAssembly</ModuleName>
      <Files>
        <File uid="1" fullPath="/Users/kyuhokim/RUSA/unity project/m_pattern/Assets/Resources/Prefabs/GameLogic.cs" />
        <File uid="2" fullPath="/Users/kyuhokim/RUSA/unity project/m_pattern/Assets/Resources/Prefabs/ObjectPool.cs" />
        <File uid="3" fullPath="/Users/kyuhokim/RUSA/unity project/m_pattern/Assets/Resources/Prefabs/ProgressBar.cs" />
        <File uid="4" fullPath="/Users/kyuhokim/RUSA/unity project/m_pattern/Assets/Resources/Prefabs/Ray.cs" />
        <File uid="5" fullPath="/Users/kyuhokim/RUSA/unity project/m_pattern/Assets/Resources/Prefabs/ScoreBar.cs" />
        <File uid="6" fullPath="/Users/kyuhokim/RUSA/unity project/m_pattern/Assets/Resources/Prefabs/_Bullet/BulletManager.cs" />
        <File uid="7" fullPath="/Users/kyuhokim/RUSA/unity project/m_pattern/Assets/Resources/Prefabs/_Charactor/CharactorManager.cs" />
        <File uid="8" fullPath="/Users/kyuhokim/RUSA/unity project/m_pattern/Assets/Resources/Prefabs/_Charactor/CharactorPrefab.cs" />
        <File uid="9" fullPath="/Users/kyuhokim/RUSA/unity project/m_pattern/Assets/Resources/Prefabs/_Manager/BallManager.cs" />
        <File uid="10" fullPath="/Users/kyuhokim/RUSA/unity project/m_pattern/Assets/Resources/Prefabs/_Manager/BallPrefab.cs" />
        <File uid="11" fullPath="/Users/kyuhokim/RUSA/unity project/m_pattern/Assets/Resources/Prefabs/_Manager/BoardManager.cs" />
        <File uid="12" fullPath="/Users/kyuhokim/RUSA/unity project/m_pattern/Assets/Resources/Prefabs/_Manager/ComboManager.cs" />
        <File uid="13" fullPath="/Users/kyuhokim/RUSA/unity project/m_pattern/Assets/Resources/Prefabs/_Manager/ComboPrefab.cs" />
        <File uid="14" fullPath="/Users/kyuhokim/RUSA/unity project/m_pattern/Assets/Resources/Prefabs/_Manager/CoverManager.cs" />
        <File uid="15" fullPath="/Users/kyuhokim/RUSA/unity project/m_pattern/Assets/Resources/Prefabs/_Manager/LineManager.cs" />
        <File uid="16" fullPath="/Users/kyuhokim/RUSA/unity project/m_pattern/Assets/Resources/Prefabs/_Manager/LinePrefab.cs" />
        <File uid="17" fullPath="/Users/kyuhokim/RUSA/unity project/m_pattern/Assets/Resources/Prefabs/_Manager/SlotPrefab.cs" />
        <File uid="18" fullPath="/Users/kyuhokim/RUSA/unity project/m_pattern/Assets/Scenes/Game.cs" />
        <File uid="19" fullPath="/Users/kyuhokim/RUSA/unity project/m_pattern/Assets/Scripts/Abstracts.cs" />
        <File uid="20" fullPath="/Users/kyuhokim/RUSA/unity project/m_pattern/Assets/Scripts/Config.cs" />
        <File uid="21" fullPath="/Users/kyuhokim/RUSA/unity project/m_pattern/Assets/Scripts/PatternHandler.cs" />
        <File uid="22" fullPath="/Users/kyuhokim/RUSA/unity project/m_pattern/Assets/Scripts/SafeScreen.cs" />
        <File uid="23" fullPath="/Users/kyuhokim/RUSA/unity project/m_pattern/Assets/Scripts/Tools.cs" />
      </Files>
      <Classes>
        <Class>
          <Summary numSequencePoints="141" visitedSequencePoints="132" numBranchPoints="0" visitedBranchPoints="0" sequenceCoverage="93.62" branchCoverage="0.0" maxCyclomaticComplexity="0" minCyclomaticComplexity="0" maxCrapScore="0" minCrapScore="0" visitedClasses="1" numClasses="1" visitedMethods="25" numMethods="26" />
          <FullName>GameLogic</FullName>
          <Methods>
            <Method visited="true" cyclomaticComplexity="0" nPathComplexity="0" sequenceCoverage="100.0" branchCoverage="0" crapScore="0" isConstructor="false" isStatic="false" isGetter="true" isSetter="false">
              <Summary numSequencePoints="1" visitedSequencePoints="1" numBranchPoints="0" visitedBranchPoints="0" sequenceCoverage="100.0" branchCoverage="0" maxCyclomaticComplexity="0" minCyclomaticComplexity="0" maxCrapScore="0" minCrapScore="0" visitedClasses="0" numClasses="0" visitedMethods="1" numMethods="1" />
              <MetadataToken>100663309</MetadataToken>
              <Name>System.Int32 GameLogic::get_Score()</Name>
              <FileRef uid="1" />
              <SequencePoints>
                <SequencePoint vc="10462" uspid="1" ordinal="0" offset="0" sl="28" sc="9" el="28" ec="9" bec="0" bev="0" fileid="1" />
              </SequencePoints>
              <BranchPoints />
            </Method>
            <Method visited="true" cyclomaticComplexity="0" nPathComplexity="0" sequenceCoverage="100.0" branchCoverage="0" crapScore="0" isConstructor="false" isStatic="false" isGetter="false" isSetter="true">
              <Summary numSequencePoints="1" visitedSequencePoints="1" numBranchPoints="0" visitedBranchPoints="0" sequenceCoverage="100.0" branchCoverage="0" maxCyclomaticComplexity="0" minCyclomaticComplexity="0" maxCrapScore="0" minCrapScore="0" visitedClasses="0" numClasses="0" visitedMethods="1" numMethods="1" />
              <MetadataToken>100663310</MetadataToken>
              <Name>System.Void GameLogic::set_Score(System.Int32)</Name>
              <FileRef uid="1" />
              <SequencePoints>
                <SequencePoint vc="5" uspid="2" ordinal="0" offset="0" sl="29" sc="9" el="29" ec="9" bec="0" bev="0" fileid="1" />
              </SequencePoints>
              <BranchPoints />
            </Method>
            <Method visited="true" cyclomaticComplexity="0" nPathComplexity="0" sequenceCoverage="100.0" branchCoverage="0" crapScore="0" isConstructor="false" isStatic="false" isGetter="true" isSetter="false">
              <Summary numSequencePoints="1" visitedSequencePoints="1" numBranchPoints="0" visitedBranchPoints="0" sequenceCoverage="100.0" branchCoverage="0" maxCyclomaticComplexity="0" minCyclomaticComplexity="0" maxCrapScore="0" minCrapScore="0" visitedClasses="0" numClasses="0" visitedMethods="1" numMethods="1" />
              <MetadataToken>100663311</MetadataToken>
              <Name>System.Boolean GameLogic::get_Finish()</Name>
              <FileRef uid="1" />
              <SequencePoints>
                <SequencePoint vc="9" uspid="3" ordinal="0" offset="0" sl="32" sc="9" el="32" ec="9" bec="0" bev="0" fileid="1" />
              </SequencePoints>
              <BranchPoints />
            </Method>
            <Method visited="true" cyclomaticComplexity="0" nPathComplexity="0" sequenceCoverage="100.0" branchCoverage="0" crapScore="0" isConstructor="false" isStatic="false" isGetter="false" isSetter="true">
              <Summary numSequencePoints="1" visitedSequencePoints="1" numBranchPoints="0" visitedBranchPoints="0" sequenceCoverage="100.0" branchCoverage="0" maxCyclomaticComplexity="0" minCyclomaticComplexity="0" maxCrapScore="0" minCrapScore="0" visitedClasses="0" numClasses="0" visitedMethods="1" numMethods="1" />
              <MetadataToken>100663312</MetadataToken>
              <Name>System.Void GameLogic::set_Finish(System.Boolean)</Name>
              <FileRef uid="1" />
              <SequencePoints>
                <SequencePoint vc="1" uspid="4" ordinal="0" offset="0" sl="33" sc="9" el="33" ec="9" bec="0" bev="0" fileid="1" />
              </SequencePoints>
              <BranchPoints />
            </Method>
            <Method visited="true" cyclomaticComplexity="0" nPathComplexity="0" sequenceCoverage="100.0" branchCoverage="0" crapScore="0" isConstructor="false" isStatic="false" isGetter="false" isSetter="false">
              <Summary numSequencePoints="11" visitedSequencePoints="11" numBranchPoints="0" visitedBranchPoints="0" sequenceCoverage="100.0" branchCoverage="0" maxCyclomaticComplexity="0" minCyclomaticComplexity="0" maxCrapScore="0" minCrapScore="0" visitedClasses="0" numClasses="0" visitedMethods="1" numMethods="1" />
              <MetadataToken>100663313</MetadataToken>
              <Name>System.Void GameLogic::Awake()</Name>
              <FileRef uid="1" />
              <SequencePoints>
                <SequencePoint vc="1" uspid="5" ordinal="0" offset="0" sl="37" sc="26" el="37" ec="26" bec="0" bev="0" fileid="1" />
                <SequencePoint vc="1" uspid="6" ordinal="0" offset="1" sl="38" sc="9" el="38" ec="9" bec="0" bev="0" fileid="1" />
                <SequencePoint vc="1" uspid="7" ordinal="0" offset="33" sl="39" sc="9" el="39" ec="9" bec="0" bev="0" fileid="1" />
                <SequencePoint vc="1" uspid="8" ordinal="0" offset="65" sl="40" sc="9" el="40" ec="9" bec="0" bev="0" fileid="1" />
                <SequencePoint vc="1" uspid="9" ordinal="0" offset="97" sl="41" sc="9" el="41" ec="9" bec="0" bev="0" fileid="1" />
                <SequencePoint vc="1" uspid="10" ordinal="0" offset="129" sl="42" sc="9" el="42" ec="9" bec="0" bev="0" fileid="1" />
                <SequencePoint vc="1" uspid="11" ordinal="0" offset="161" sl="43" sc="9" el="43" ec="9" bec="0" bev="0" fileid="1" />
                <SequencePoint vc="1" uspid="12" ordinal="0" offset="193" sl="44" sc="9" el="44" ec="9" bec="0" bev="0" fileid="1" />
                <SequencePoint vc="1" uspid="13" ordinal="0" offset="225" sl="45" sc="9" el="45" ec="9" bec="0" bev="0" fileid="1" />
                <SequencePoint vc="1" uspid="14" ordinal="0" offset="242" sl="46" sc="9" el="46" ec="9" bec="0" bev="0" fileid="1" />
                <SequencePoint vc="1" uspid="15" ordinal="0" offset="259" sl="47" sc="5" el="47" ec="5" bec="0" bev="0" fileid="1" />
              </SequencePoints>
              <BranchPoints />
            </Method>
            <Method visited="true" cyclomaticComplexity="0" nPathComplexity="0" sequenceCoverage="100.0" branchCoverage="0" crapScore="0" isConstructor="false" isStatic="false" isGetter="false" isSetter="false">
              <Summary numSequencePoints="12" visitedSequencePoints="12" numBranchPoints="0" visitedBranchPoints="0" sequenceCoverage="100.0" branchCoverage="0" maxCyclomaticComplexity="0" minCyclomaticComplexity="0" maxCrapScore="0" minCrapScore="0" visitedClasses="0" numClasses="0" visitedMethods="1" numMethods="1" />
              <MetadataToken>100663314</MetadataToken>
              <Name>System.Void GameLogic::Start()</Name>
              <FileRef uid="1" />
              <SequencePoints>
                <SequencePoint vc="1" uspid="16" ordinal="0" offset="0" sl="49" sc="26" el="49" ec="26" bec="0" bev="0" fileid="1" />
                <SequencePoint vc="1" uspid="17" ordinal="0" offset="1" sl="50" sc="9" el="50" ec="9" bec="0" bev="0" fileid="1" />
                <SequencePoint vc="1" uspid="18" ordinal="0" offset="12" sl="51" sc="9" el="51" ec="9" bec="0" bev="0" fileid="1" />
                <SequencePoint vc="1" uspid="19" ordinal="0" offset="36" sl="53" sc="9" el="53" ec="9" bec="0" bev="0" fileid="1" />
                <SequencePoint vc="1" uspid="20" ordinal="0" offset="54" sl="55" sc="9" el="55" ec="9" bec="0" bev="0" fileid="1" />
                <SequencePoint vc="1" uspid="21" ordinal="0" offset="72" sl="56" sc="9" el="56" ec="9" bec="0" bev="0" fileid="1" />
                <SequencePoint vc="1" uspid="22" ordinal="0" offset="101" sl="57" sc="9" el="57" ec="9" bec="0" bev="0" fileid="1" />
                <SequencePoint vc="1" uspid="23" ordinal="0" offset="130" sl="58" sc="9" el="58" ec="9" bec="0" bev="0" fileid="1" />
                <SequencePoint vc="1" uspid="24" ordinal="0" offset="159" sl="60" sc="9" el="60" ec="9" bec="0" bev="0" fileid="1" />
                <SequencePoint vc="1" uspid="25" ordinal="0" offset="192" sl="62" sc="9" el="62" ec="9" bec="0" bev="0" fileid="1" />
                <SequencePoint vc="1" uspid="26" ordinal="0" offset="224" sl="64" sc="9" el="64" ec="9" bec="0" bev="0" fileid="1" />
                <SequencePoint vc="1" uspid="27" ordinal="0" offset="231" sl="65" sc="5" el="65" ec="5" bec="0" bev="0" fileid="1" />
              </SequencePoints>
              <BranchPoints />
            </Method>
            <Method visited="true" cyclomaticComplexity="0" nPathComplexity="0" sequenceCoverage="100.0" branchCoverage="0" crapScore="0" isConstructor="false" isStatic="false" isGetter="false" isSetter="true">
              <Summary numSequencePoints="1" visitedSequencePoints="1" numBranchPoints="0" visitedBranchPoints="0" sequenceCoverage="100.0" branchCoverage="0" maxCyclomaticComplexity="0" minCyclomaticComplexity="0" maxCrapScore="0" minCrapScore="0" visitedClasses="0" numClasses="0" visitedMethods="1" numMethods="1" />
              <MetadataToken>100663315</MetadataToken>
              <Name>System.Void GameLogic::set_EventSystem(UnityEngine.EventSystems.EventSystem)</Name>
              <FileRef uid="1" />
              <SequencePoints>
                <SequencePoint vc="1" uspid="28" ordinal="0" offset="0" sl="68" sc="16" el="68" ec="16" bec="0" bev="0" fileid="1" />
              </SequencePoints>
              <BranchPoints />
            </Method>
            <Method visited="true" cyclomaticComplexity="0" nPathComplexity="0" sequenceCoverage="100.0" branchCoverage="0" crapScore="0" isConstructor="false" isStatic="false" isGetter="false" isSetter="true">
              <Summary numSequencePoints="1" visitedSequencePoints="1" numBranchPoints="0" visitedBranchPoints="0" sequenceCoverage="100.0" branchCoverage="0" maxCyclomaticComplexity="0" minCyclomaticComplexity="0" maxCrapScore="0" minCrapScore="0" visitedClasses="0" numClasses="0" visitedMethods="1" numMethods="1" />
              <MetadataToken>100663316</MetadataToken>
              <Name>System.Void GameLogic::set_Size(System.ValueTuple[Int32,Int32])</Name>
              <FileRef uid="1" />
              <SequencePoints>
                <SequencePoint vc="1" uspid="29" ordinal="0" offset="0" sl="72" sc="16" el="72" ec="16" bec="0" bev="0" fileid="1" />
              </SequencePoints>
              <BranchPoints />
            </Method>
            <Method visited="true" cyclomaticComplexity="0" nPathComplexity="0" sequenceCoverage="100.0" branchCoverage="0" crapScore="0" isConstructor="false" isStatic="false" isGetter="false" isSetter="true">
              <Summary numSequencePoints="1" visitedSequencePoints="1" numBranchPoints="0" visitedBranchPoints="0" sequenceCoverage="100.0" branchCoverage="0" maxCyclomaticComplexity="0" minCyclomaticComplexity="0" maxCrapScore="0" minCrapScore="0" visitedClasses="0" numClasses="0" visitedMethods="1" numMethods="1" />
              <MetadataToken>100663317</MetadataToken>
              <Name>System.Void GameLogic::set_BallVariation(System.Int32)</Name>
              <FileRef uid="1" />
              <SequencePoints>
                <SequencePoint vc="1" uspid="30" ordinal="0" offset="0" sl="76" sc="16" el="76" ec="16" bec="0" bev="0" fileid="1" />
              </SequencePoints>
              <BranchPoints />
            </Method>
            <Method visited="true" cyclomaticComplexity="0" nPathComplexity="0" sequenceCoverage="100.0" branchCoverage="0" crapScore="0" isConstructor="false" isStatic="false" isGetter="false" isSetter="false">
              <Summary numSequencePoints="7" visitedSequencePoints="7" numBranchPoints="0" visitedBranchPoints="0" sequenceCoverage="100.0" branchCoverage="0" maxCyclomaticComplexity="0" minCyclomaticComplexity="0" maxCrapScore="0" minCrapScore="0" visitedClasses="0" numClasses="0" visitedMethods="1" numMethods="1" />
              <MetadataToken>100663318</MetadataToken>
              <Name>System.Void GameLogic::CreateGame()</Name>
              <FileRef uid="1" />
              <SequencePoints>
                <SequencePoint vc="1" uspid="31" ordinal="0" offset="0" sl="79" sc="30" el="79" ec="30" bec="0" bev="0" fileid="1" />
                <SequencePoint vc="1" uspid="32" ordinal="0" offset="1" sl="80" sc="9" el="80" ec="9" bec="0" bev="0" fileid="1" />
                <SequencePoint vc="1" uspid="33" ordinal="0" offset="9" sl="81" sc="9" el="81" ec="9" bec="0" bev="0" fileid="1" />
                <SequencePoint vc="1" uspid="34" ordinal="0" offset="17" sl="82" sc="9" el="82" ec="9" bec="0" bev="0" fileid="1" />
                <SequencePoint vc="1" uspid="35" ordinal="0" offset="28" sl="84" sc="9" el="84" ec="9" bec="0" bev="0" fileid="1" />
                <SequencePoint vc="1" uspid="36" ordinal="0" offset="40" sl="85" sc="9" el="85" ec="9" bec="0" bev="0" fileid="1" />
                <SequencePoint vc="1" uspid="37" ordinal="0" offset="47" sl="86" sc="5" el="86" ec="5" bec="0" bev="0" fileid="1" />
              </SequencePoints>
              <BranchPoints />
            </Method>
            <Method visited="false" cyclomaticComplexity="0" nPathComplexity="0" sequenceCoverage="0.0" branchCoverage="0" crapScore="0" isConstructor="false" isStatic="false" isGetter="false" isSetter="false">
              <Summary numSequencePoints="7" visitedSequencePoints="0" numBranchPoints="0" visitedBranchPoints="0" sequenceCoverage="0.0" branchCoverage="0" maxCyclomaticComplexity="0" minCyclomaticComplexity="0" maxCrapScore="0" minCrapScore="0" visitedClasses="0" numClasses="0" visitedMethods="0" numMethods="1" />
              <MetadataToken>100663319</MetadataToken>
              <Name>System.Void GameLogic::ClearBall()</Name>
              <FileRef uid="1" />
              <SequencePoints>
                <SequencePoint vc="0" uspid="38" ordinal="0" offset="0" sl="88" sc="0" el="88" ec="0" bec="0" bev="0" fileid="1" />
                <SequencePoint vc="0" uspid="39" ordinal="0" offset="1" sl="89" sc="0" el="89" ec="0" bec="0" bev="0" fileid="1" />
                <SequencePoint vc="0" uspid="40" ordinal="0" offset="13" sl="90" sc="0" el="90" ec="0" bec="0" bev="0" fileid="1" />
                <SequencePoint vc="0" uspid="41" ordinal="0" offset="25" sl="91" sc="0" el="91" ec="0" bec="0" bev="0" fileid="1" />
                <SequencePoint vc="0" uspid="42" ordinal="0" offset="37" sl="92" sc="0" el="92" ec="0" bec="0" bev="0" fileid="1" />
                <SequencePoint vc="0" uspid="43" ordinal="0" offset="49" sl="93" sc="0" el="93" ec="0" bec="0" bev="0" fileid="1" />
                <SequencePoint vc="0" uspid="44" ordinal="0" offset="55" sl="94" sc="0" el="94" ec="0" bec="0" bev="0" fileid="1" />
              </SequencePoints>
              <BranchPoints />
            </Method>
            <Method visited="true" cyclomaticComplexity="0" nPathComplexity="0" sequenceCoverage="100.0" branchCoverage="0" crapScore="0" isConstructor="false" isStatic="false" isGetter="true" isSetter="false">
              <Summary numSequencePoints="1" visitedSequencePoints="1" numBranchPoints="0" visitedBranchPoints="0" sequenceCoverage="100.0" branchCoverage="0" maxCyclomaticComplexity="0" minCyclomaticComplexity="0" maxCrapScore="0" minCrapScore="0" visitedClasses="0" numClasses="0" visitedMethods="1" numMethods="1" />
              <MetadataToken>100663320</MetadataToken>
              <Name>System.Int32 GameLogic::get_UnitScore()</Name>
              <FileRef uid="1" />
              <SequencePoints>
                <SequencePoint vc="1" uspid="45" ordinal="0" offset="0" sl="99" sc="30" el="99" ec="30" bec="0" bev="0" fileid="1" />
              </SequencePoints>
              <BranchPoints />
            </Method>
            <Method visited="true" cyclomaticComplexity="0" nPathComplexity="0" sequenceCoverage="100.0" branchCoverage="0" crapScore="0" isConstructor="false" isStatic="false" isGetter="true" isSetter="false">
              <Summary numSequencePoints="1" visitedSequencePoints="1" numBranchPoints="0" visitedBranchPoints="0" sequenceCoverage="100.0" branchCoverage="0" maxCyclomaticComplexity="0" minCyclomaticComplexity="0" maxCrapScore="0" minCrapScore="0" visitedClasses="0" numClasses="0" visitedMethods="1" numMethods="1" />
              <MetadataToken>100663321</MetadataToken>
              <Name>System.Int32 GameLogic::get_ModeScore()</Name>
              <FileRef uid="1" />
              <SequencePoints>
                <SequencePoint vc="1" uspid="46" ordinal="0" offset="0" sl="106" sc="30" el="106" ec="30" bec="0" bev="0" fileid="1" />
              </SequencePoints>
              <BranchPoints />
            </Method>
            <Method visited="true" cyclomaticComplexity="0" nPathComplexity="0" sequenceCoverage="100.0" branchCoverage="0" crapScore="0" isConstructor="false" isStatic="false" isGetter="false" isSetter="false">
              <Summary numSequencePoints="1" visitedSequencePoints="1" numBranchPoints="0" visitedBranchPoints="0" sequenceCoverage="100.0" branchCoverage="0" maxCyclomaticComplexity="0" minCyclomaticComplexity="0" maxCrapScore="0" minCrapScore="0" visitedClasses="0" numClasses="0" visitedMethods="1" numMethods="1" />
              <MetadataToken>100663322</MetadataToken>
              <Name>System.Void GameLogic::UpdateScore()</Name>
              <FileRef uid="1" />
              <SequencePoints>
                <SequencePoint vc="4" uspid="47" ordinal="0" offset="0" sl="110" sc="35" el="110" ec="35" bec="0" bev="0" fileid="1" />
              </SequencePoints>
              <BranchPoints />
            </Method>
            <Method visited="true" cyclomaticComplexity="0" nPathComplexity="0" sequenceCoverage="93.75" branchCoverage="0" crapScore="0" isConstructor="false" isStatic="false" isGetter="false" isSetter="false">
              <Summary numSequencePoints="16" visitedSequencePoints="15" numBranchPoints="0" visitedBranchPoints="0" sequenceCoverage="93.75" branchCoverage="0" maxCyclomaticComplexity="0" minCyclomaticComplexity="0" maxCrapScore="0" minCrapScore="0" visitedClasses="0" numClasses="0" visitedMethods="1" numMethods="1" />
              <MetadataToken>100663323</MetadataToken>
              <Name>System.Void GameLogic::FinishDrag()</Name>
              <FileRef uid="1" />
              <SequencePoints>
                <SequencePoint vc="1" uspid="48" ordinal="0" offset="0" sl="115" sc="31" el="115" ec="31" bec="0" bev="0" fileid="1" />
                <SequencePoint vc="1" uspid="49" ordinal="0" offset="1" sl="116" sc="9" el="116" ec="9" bec="0" bev="0" fileid="1" />
                <SequencePoint vc="1" uspid="50" ordinal="0" offset="13" sl="117" sc="9" el="117" ec="9" bec="0" bev="0" fileid="1" />
                <SequencePoint vc="1" uspid="51" ordinal="0" offset="25" sl="118" sc="9" el="118" ec="9" bec="0" bev="0" fileid="1" />
                <SequencePoint vc="1" uspid="52" ordinal="0" offset="42" sl="119" sc="9" el="119" ec="9" bec="0" bev="0" fileid="1" />
                <SequencePoint vc="1" uspid="53" ordinal="0" offset="59" sl="120" sc="9" el="120" ec="9" bec="0" bev="0" fileid="1" />
                <SequencePoint vc="1" uspid="54" ordinal="0" offset="71" sl="121" sc="9" el="121" ec="9" bec="0" bev="0" fileid="1" />
                <SequencePoint vc="1" uspid="55" ordinal="0" offset="78" sl="123" sc="9" el="123" ec="9" bec="0" bev="0" fileid="1" />
                <SequencePoint vc="0" uspid="56" ordinal="0" offset="91" sl="124" sc="13" el="124" ec="13" bec="0" bev="0" fileid="1" />
                <SequencePoint vc="1" uspid="57" ordinal="0" offset="105" sl="125" sc="14" el="125" ec="14" bec="0" bev="0" fileid="1" />
                <SequencePoint vc="1" uspid="58" ordinal="0" offset="106" sl="126" sc="13" el="126" ec="13" bec="0" bev="0" fileid="1" />
                <SequencePoint vc="1" uspid="59" ordinal="0" offset="119" sl="127" sc="13" el="127" ec="13" bec="0" bev="0" fileid="1" />
                <SequencePoint vc="1" uspid="60" ordinal="0" offset="126" sl="128" sc="13" el="128" ec="13" bec="0" bev="0" fileid="1" />
                <SequencePoint vc="1" uspid="61" ordinal="0" offset="155" sl="129" sc="13" el="129" ec="13" bec="0" bev="0" fileid="1" />
                <SequencePoint vc="1" uspid="62" ordinal="0" offset="168" sl="130" sc="9" el="130" ec="9" bec="0" bev="0" fileid="1" />
                <SequencePoint vc="1" uspid="63" ordinal="0" offset="169" sl="131" sc="5" el="131" ec="5" bec="0" bev="0" fileid="1" />
              </SequencePoints>
              <BranchPoints />
            </Method>
            <Method visited="true" cyclomaticComplexity="0" nPathComplexity="0" sequenceCoverage="100.0" branchCoverage="0" crapScore="0" isConstructor="false" isStatic="false" isGetter="false" isSetter="false">
              <Summary numSequencePoints="5" visitedSequencePoints="5" numBranchPoints="0" visitedBranchPoints="0" sequenceCoverage="100.0" branchCoverage="0" maxCyclomaticComplexity="0" minCyclomaticComplexity="0" maxCrapScore="0" minCrapScore="0" visitedClasses="0" numClasses="0" visitedMethods="1" numMethods="1" />
              <MetadataToken>100663324</MetadataToken>
              <Name>System.Void GameLogic::ReleaseEventsystem()</Name>
              <FileRef uid="1" />
              <SequencePoints>
                <SequencePoint vc="1" uspid="64" ordinal="0" offset="0" sl="133" sc="39" el="133" ec="39" bec="0" bev="0" fileid="1" />
                <SequencePoint vc="1" uspid="65" ordinal="0" offset="1" sl="134" sc="9" el="134" ec="9" bec="0" bev="0" fileid="1" />
                <SequencePoint vc="1" uspid="66" ordinal="0" offset="14" sl="135" sc="9" el="135" ec="9" bec="0" bev="0" fileid="1" />
                <SequencePoint vc="1" uspid="67" ordinal="0" offset="21" sl="136" sc="9" el="136" ec="9" bec="0" bev="0" fileid="1" />
                <SequencePoint vc="1" uspid="68" ordinal="0" offset="28" sl="137" sc="5" el="137" ec="5" bec="0" bev="0" fileid="1" />
              </SequencePoints>
              <BranchPoints />
            </Method>
            <Method visited="true" cyclomaticComplexity="0" nPathComplexity="0" sequenceCoverage="100.0" branchCoverage="0" crapScore="0" isConstructor="false" isStatic="false" isGetter="false" isSetter="false">
              <Summary numSequencePoints="5" visitedSequencePoints="5" numBranchPoints="0" visitedBranchPoints="0" sequenceCoverage="100.0" branchCoverage="0" maxCyclomaticComplexity="0" minCyclomaticComplexity="0" maxCrapScore="0" minCrapScore="0" visitedClasses="0" numClasses="0" visitedMethods="1" numMethods="1" />
              <MetadataToken>100663325</MetadataToken>
              <Name>System.Void GameLogic::FireBullet(System.Linq.IGrouping[Int32,SlotPrefab])</Name>
              <FileRef uid="1" />
              <SequencePoints>
                <SequencePoint vc="11" uspid="69" ordinal="0" offset="0" sl="139" sc="63" el="139" ec="63" bec="0" bev="0" fileid="1" />
                <SequencePoint vc="11" uspid="70" ordinal="0" offset="1" sl="140" sc="9" el="140" ec="9" bec="0" bev="0" fileid="1" />
                <SequencePoint vc="11" uspid="71" ordinal="0" offset="13" sl="141" sc="9" el="141" ec="9" bec="0" bev="0" fileid="1" />
                <SequencePoint vc="11" uspid="72" ordinal="0" offset="41" sl="145" sc="9" el="145" ec="9" bec="0" bev="0" fileid="1" />
                <SequencePoint vc="11" uspid="73" ordinal="0" offset="65" sl="146" sc="5" el="146" ec="5" bec="0" bev="0" fileid="1" />
              </SequencePoints>
              <BranchPoints />
            </Method>
            <Method visited="true" cyclomaticComplexity="0" nPathComplexity="0" sequenceCoverage="100.0" branchCoverage="0" crapScore="0" isConstructor="false" isStatic="false" isGetter="false" isSetter="false">
              <Summary numSequencePoints="5" visitedSequencePoints="5" numBranchPoints="0" visitedBranchPoints="0" sequenceCoverage="100.0" branchCoverage="0" maxCyclomaticComplexity="0" minCyclomaticComplexity="0" maxCrapScore="0" minCrapScore="0" visitedClasses="0" numClasses="0" visitedMethods="1" numMethods="1" />
              <MetadataToken>100663326</MetadataToken>
              <Name>System.Void GameLogic::DisposePatternedBall(System.Linq.IGrouping[Int32,SlotPrefab])</Name>
              <FileRef uid="1" />
              <SequencePoints>
                <SequencePoint vc="11" uspid="74" ordinal="0" offset="0" sl="148" sc="73" el="148" ec="73" bec="0" bev="0" fileid="1" />
                <SequencePoint vc="11" uspid="75" ordinal="0" offset="1" sl="149" sc="9" el="149" ec="9" bec="0" bev="0" fileid="1" />
                <SequencePoint vc="11" uspid="76" ordinal="0" offset="8" sl="151" sc="9" el="151" ec="9" bec="0" bev="0" fileid="1" />
                <SequencePoint vc="11" uspid="77" ordinal="0" offset="26" sl="152" sc="9" el="152" ec="9" bec="0" bev="0" fileid="1" />
                <SequencePoint vc="11" uspid="78" ordinal="0" offset="34" sl="153" sc="5" el="153" ec="5" bec="0" bev="0" fileid="1" />
              </SequencePoints>
              <BranchPoints />
            </Method>
            <Method visited="true" cyclomaticComplexity="0" nPathComplexity="0" sequenceCoverage="100.0" branchCoverage="0" crapScore="0" isConstructor="false" isStatic="false" isGetter="false" isSetter="false">
              <Summary numSequencePoints="5" visitedSequencePoints="5" numBranchPoints="0" visitedBranchPoints="0" sequenceCoverage="100.0" branchCoverage="0" maxCyclomaticComplexity="0" minCyclomaticComplexity="0" maxCrapScore="0" minCrapScore="0" visitedClasses="0" numClasses="0" visitedMethods="1" numMethods="1" />
              <MetadataToken>100663327</MetadataToken>
              <Name>System.Void GameLogic::InitGame()</Name>
              <FileRef uid="1" />
              <SequencePoints>
                <SequencePoint vc="1" uspid="79" ordinal="0" offset="0" sl="155" sc="29" el="155" ec="29" bec="0" bev="0" fileid="1" />
                <SequencePoint vc="1" uspid="80" ordinal="0" offset="1" sl="156" sc="9" el="156" ec="9" bec="0" bev="0" fileid="1" />
                <SequencePoint vc="1" uspid="81" ordinal="0" offset="18" sl="157" sc="9" el="157" ec="9" bec="0" bev="0" fileid="1" />
                <SequencePoint vc="1" uspid="82" ordinal="0" offset="30" sl="158" sc="9" el="158" ec="9" bec="0" bev="0" fileid="1" />
                <SequencePoint vc="1" uspid="83" ordinal="0" offset="124" sl="163" sc="5" el="163" ec="5" bec="0" bev="0" fileid="1" />
              </SequencePoints>
              <BranchPoints />
            </Method>
            <Method visited="true" cyclomaticComplexity="0" nPathComplexity="0" sequenceCoverage="96.00" branchCoverage="0" crapScore="0" isConstructor="false" isStatic="false" isGetter="false" isSetter="false">
              <Summary numSequencePoints="25" visitedSequencePoints="24" numBranchPoints="0" visitedBranchPoints="0" sequenceCoverage="96.00" branchCoverage="0" maxCyclomaticComplexity="0" minCyclomaticComplexity="0" maxCrapScore="0" minCrapScore="0" visitedClasses="0" numClasses="0" visitedMethods="1" numMethods="1" />
              <MetadataToken>100663328</MetadataToken>
              <Name>System.Void GameLogic::RequestBall()</Name>
              <FileRef uid="1" />
              <SequencePoints>
                <SequencePoint vc="8" uspid="84" ordinal="0" offset="13" sl="165" sc="32" el="165" ec="32" bec="0" bev="0" fileid="1" />
                <SequencePoint vc="8" uspid="85" ordinal="0" offset="14" sl="166" sc="9" el="166" ec="9" bec="0" bev="0" fileid="1" />
                <SequencePoint vc="0" uspid="86" ordinal="0" offset="24" sl="167" sc="13" el="167" ec="13" bec="0" bev="0" fileid="1" />
                <SequencePoint vc="8" uspid="87" ordinal="0" offset="29" sl="169" sc="9" el="169" ec="9" bec="0" bev="0" fileid="1" />
                <SequencePoint vc="8" uspid="88" ordinal="0" offset="42" sl="170" sc="9" el="170" ec="9" bec="0" bev="0" fileid="1" />
                <SequencePoint vc="8" uspid="89" ordinal="0" offset="49" sl="171" sc="9" el="171" ec="9" bec="0" bev="0" fileid="1" />
                <SequencePoint vc="8" uspid="90" ordinal="0" offset="55" sl="173" sc="9" el="173" ec="9" bec="0" bev="0" fileid="1" />
                <SequencePoint vc="8" uspid="91" ordinal="0" offset="56" sl="173" sc="26" el="173" ec="26" bec="0" bev="0" fileid="1" />
                <SequencePoint vc="295" uspid="92" ordinal="0" offset="71" sl="173" sc="17" el="173" ec="17" bec="0" bev="0" fileid="1" />
                <SequencePoint vc="295" uspid="93" ordinal="0" offset="77" sl="173" sc="35" el="173" ec="35" bec="0" bev="0" fileid="1" />
                <SequencePoint vc="295" uspid="94" ordinal="0" offset="78" sl="174" sc="13" el="174" ec="13" bec="0" bev="0" fileid="1" />
                <SequencePoint vc="295" uspid="95" ordinal="0" offset="118" sl="177" sc="13" el="177" ec="13" bec="0" bev="0" fileid="1" />
                <SequencePoint vc="50" uspid="96" ordinal="0" offset="132" sl="180" sc="21" el="180" ec="21" bec="0" bev="0" fileid="1" />
                <SequencePoint vc="42" uspid="97" ordinal="0" offset="152" sl="181" sc="25" el="181" ec="25" bec="0" bev="0" fileid="1" />
                <SequencePoint vc="49" uspid="98" ordinal="0" offset="159" sl="182" sc="21" el="182" ec="21" bec="0" bev="0" fileid="1" />
                <SequencePoint vc="245" uspid="99" ordinal="0" offset="161" sl="184" sc="21" el="184" ec="21" bec="0" bev="0" fileid="1" />
                <SequencePoint vc="105" uspid="100" ordinal="0" offset="198" sl="184" sc="65" el="184" ec="65" bec="0" bev="0" fileid="1" />
                <SequencePoint vc="105" uspid="101" ordinal="0" offset="199" sl="185" sc="25" el="185" ec="25" bec="0" bev="0" fileid="1" />
                <SequencePoint vc="105" uspid="102" ordinal="0" offset="220" sl="186" sc="25" el="186" ec="25" bec="0" bev="0" fileid="1" />
                <SequencePoint vc="105" uspid="103" ordinal="0" offset="229" sl="187" sc="21" el="187" ec="21" bec="0" bev="0" fileid="1" />
                <SequencePoint vc="245" uspid="104" ordinal="0" offset="230" sl="188" sc="21" el="188" ec="21" bec="0" bev="0" fileid="1" />
                <SequencePoint vc="294" uspid="105" ordinal="0" offset="232" sl="190" sc="9" el="190" ec="9" bec="0" bev="0" fileid="1" />
                <SequencePoint vc="302" uspid="106" ordinal="0" offset="239" sl="173" sc="23" el="173" ec="23" bec="0" bev="0" fileid="1" />
                <SequencePoint vc="7" uspid="107" ordinal="0" offset="249" sl="192" sc="9" el="192" ec="9" bec="0" bev="0" fileid="1" />
                <SequencePoint vc="7" uspid="108" ordinal="0" offset="273" sl="201" sc="5" el="201" ec="5" bec="0" bev="0" fileid="1" />
              </SequencePoints>
              <BranchPoints />
            </Method>
            <Method visited="true" cyclomaticComplexity="0" nPathComplexity="0" sequenceCoverage="100.0" branchCoverage="0" crapScore="0" isConstructor="false" isStatic="false" isGetter="false" isSetter="false">
              <Summary numSequencePoints="10" visitedSequencePoints="10" numBranchPoints="0" visitedBranchPoints="0" sequenceCoverage="100.0" branchCoverage="0" maxCyclomaticComplexity="0" minCyclomaticComplexity="0" maxCrapScore="0" minCrapScore="0" visitedClasses="0" numClasses="0" visitedMethods="1" numMethods="1" />
              <MetadataToken>100663330</MetadataToken>
              <Name>System.Void GameLogic::ShootAndDispose(System.Collections.Generic.List[List`1])</Name>
              <FileRef uid="1" />
              <SequencePoints>
                <SequencePoint vc="1" uspid="109" ordinal="0" offset="0" sl="231" sc="60" el="231" ec="60" bec="0" bev="0" fileid="1" />
                <SequencePoint vc="1" uspid="110" ordinal="0" offset="1" sl="232" sc="9" el="232" ec="9" bec="0" bev="0" fileid="1" />
                <SequencePoint vc="1" uspid="111" ordinal="0" offset="2" sl="232" sc="26" el="232" ec="26" bec="0" bev="0" fileid="1" />
                <SequencePoint vc="11" uspid="112" ordinal="0" offset="83" sl="232" sc="17" el="232" ec="17" bec="0" bev="0" fileid="1" />
                <SequencePoint vc="11" uspid="113" ordinal="0" offset="90" sl="232" sc="86" el="232" ec="86" bec="0" bev="0" fileid="1" />
                <SequencePoint vc="11" uspid="114" ordinal="0" offset="91" sl="233" sc="13" el="233" ec="13" bec="0" bev="0" fileid="1" />
                <SequencePoint vc="11" uspid="115" ordinal="0" offset="99" sl="234" sc="13" el="234" ec="13" bec="0" bev="0" fileid="1" />
                <SequencePoint vc="11" uspid="116" ordinal="0" offset="107" sl="235" sc="9" el="235" ec="9" bec="0" bev="0" fileid="1" />
                <SequencePoint vc="12" uspid="117" ordinal="0" offset="108" sl="232" sc="23" el="232" ec="23" bec="0" bev="0" fileid="1" />
                <SequencePoint vc="1" uspid="118" ordinal="0" offset="129" sl="236" sc="5" el="236" ec="5" bec="0" bev="0" fileid="1" />
              </SequencePoints>
              <BranchPoints />
            </Method>
            <Method visited="true" cyclomaticComplexity="0" nPathComplexity="0" sequenceCoverage="100.0" branchCoverage="0" crapScore="0" isConstructor="false" isStatic="false" isGetter="false" isSetter="false">
              <Summary numSequencePoints="1" visitedSequencePoints="1" numBranchPoints="0" visitedBranchPoints="0" sequenceCoverage="100.0" branchCoverage="0" maxCyclomaticComplexity="0" minCyclomaticComplexity="0" maxCrapScore="0" minCrapScore="0" visitedClasses="0" numClasses="0" visitedMethods="1" numMethods="1" />
              <MetadataToken>100663331</MetadataToken>
              <Name>System.Collections.Generic.List[List`1] GameLogic::Pattern()</Name>
              <FileRef uid="1" />
              <SequencePoints>
                <SequencePoint vc="1" uspid="119" ordinal="0" offset="0" sl="238" sc="49" el="238" ec="49" bec="0" bev="0" fileid="1" />
              </SequencePoints>
              <BranchPoints />
            </Method>
            <Method visited="true" cyclomaticComplexity="0" nPathComplexity="0" sequenceCoverage="100.0" branchCoverage="0" crapScore="0" isConstructor="false" isStatic="false" isGetter="false" isSetter="false">
              <Summary numSequencePoints="11" visitedSequencePoints="11" numBranchPoints="0" visitedBranchPoints="0" sequenceCoverage="100.0" branchCoverage="0" maxCyclomaticComplexity="0" minCyclomaticComplexity="0" maxCrapScore="0" minCrapScore="0" visitedClasses="0" numClasses="0" visitedMethods="1" numMethods="1" />
              <MetadataToken>100663332</MetadataToken>
              <Name>System.Collections.Generic.List[SlotPrefab] GameLogic::DrawPatternedElement(SlotPrefab)</Name>
              <FileRef uid="1" />
              <SequencePoints>
                <SequencePoint vc="42" uspid="120" ordinal="0" offset="13" sl="242" sc="70" el="242" ec="70" bec="0" bev="0" fileid="1" />
                <SequencePoint vc="42" uspid="121" ordinal="0" offset="14" sl="243" sc="9" el="243" ec="9" bec="0" bev="0" fileid="1" />
                <SequencePoint vc="42" uspid="122" ordinal="0" offset="36" sl="245" sc="9" el="245" ec="9" bec="0" bev="0" fileid="1" />
                <SequencePoint vc="7" uspid="123" ordinal="0" offset="54" sl="246" sc="13" el="246" ec="13" bec="0" bev="0" fileid="1" />
                <SequencePoint vc="35" uspid="124" ordinal="0" offset="61" sl="248" sc="9" el="248" ec="9" bec="0" bev="0" fileid="1" />
                <SequencePoint vc="35" uspid="125" ordinal="0" offset="143" sl="252" sc="9" el="252" ec="9" bec="0" bev="0" fileid="1" />
                <SequencePoint vc="4" uspid="126" ordinal="0" offset="172" sl="252" sc="48" el="252" ec="48" bec="0" bev="0" fileid="1" />
                <SequencePoint vc="4" uspid="127" ordinal="0" offset="173" sl="253" sc="13" el="253" ec="13" bec="0" bev="0" fileid="1" />
                <SequencePoint vc="4" uspid="128" ordinal="0" offset="187" sl="254" sc="13" el="254" ec="13" bec="0" bev="0" fileid="1" />
                <SequencePoint vc="31" uspid="129" ordinal="0" offset="191" sl="257" sc="9" el="257" ec="9" bec="0" bev="0" fileid="1" />
                <SequencePoint vc="42" uspid="130" ordinal="0" offset="195" sl="258" sc="5" el="258" ec="5" bec="0" bev="0" fileid="1" />
              </SequencePoints>
              <BranchPoints />
            </Method>
            <Method visited="true" cyclomaticComplexity="0" nPathComplexity="0" sequenceCoverage="100.0" branchCoverage="0" crapScore="0" isConstructor="false" isStatic="false" isGetter="false" isSetter="false">
              <Summary numSequencePoints="6" visitedSequencePoints="6" numBranchPoints="0" visitedBranchPoints="0" sequenceCoverage="100.0" branchCoverage="0" maxCyclomaticComplexity="0" minCyclomaticComplexity="0" maxCrapScore="0" minCrapScore="0" visitedClasses="0" numClasses="0" visitedMethods="1" numMethods="1" />
              <MetadataToken>100663333</MetadataToken>
              <Name>System.Int32 GameLogic::Multi(System.Int32, System.Int32)</Name>
              <FileRef uid="1" />
              <SequencePoints>
                <SequencePoint vc="4" uspid="131" ordinal="0" offset="0" sl="260" sc="44" el="260" ec="44" bec="0" bev="0" fileid="1" />
                <SequencePoint vc="4" uspid="132" ordinal="0" offset="1" sl="261" sc="9" el="261" ec="9" bec="0" bev="0" fileid="1" />
                <SequencePoint vc="4" uspid="133" ordinal="0" offset="16" sl="263" sc="9" el="263" ec="9" bec="0" bev="0" fileid="1" />
                <SequencePoint vc="3" uspid="134" ordinal="0" offset="24" sl="264" sc="13" el="264" ec="13" bec="0" bev="0" fileid="1" />
                <SequencePoint vc="4" uspid="135" ordinal="0" offset="38" sl="265" sc="9" el="265" ec="9" bec="0" bev="0" fileid="1" />
                <SequencePoint vc="4" uspid="136" ordinal="0" offset="42" sl="266" sc="5" el="266" ec="5" bec="0" bev="0" fileid="1" />
              </SequencePoints>
              <BranchPoints />
            </Method>
            <Method visited="true" cyclomaticComplexity="0" nPathComplexity="0" sequenceCoverage="100.0" branchCoverage="0" crapScore="0" isConstructor="false" isStatic="false" isGetter="false" isSetter="false">
              <Summary numSequencePoints="1" visitedSequencePoints="1" numBranchPoints="0" visitedBranchPoints="0" sequenceCoverage="100.0" branchCoverage="0" maxCyclomaticComplexity="0" minCyclomaticComplexity="0" maxCrapScore="0" minCrapScore="0" visitedClasses="0" numClasses="0" visitedMethods="1" numMethods="1" />
              <MetadataToken>100663335</MetadataToken>
              <Name>.&lt;&gt;f__AnonymousType0[KeyValuePair`2,List`1] GameLogic::&lt;Pattern&gt;b__47_0(System.Collections.Generic.KeyValuePair[Int32,SlotPrefab])</Name>
              <FileRef uid="1" />
              <SequencePoints>
                <SequencePoint vc="42" uspid="137" ordinal="0" offset="0" sl="239" sc="50" el="239" ec="50" bec="0" bev="0" fileid="1" />
              </SequencePoints>
              <BranchPoints />
            </Method>
            <Method visited="true" cyclomaticComplexity="0" nPathComplexity="0" sequenceCoverage="100.0" branchCoverage="0" crapScore="0" isConstructor="true" isStatic="false" isGetter="false" isSetter="false">
              <Summary numSequencePoints="4" visitedSequencePoints="4" numBranchPoints="0" visitedBranchPoints="0" sequenceCoverage="100.0" branchCoverage="0" maxCyclomaticComplexity="0" minCyclomaticComplexity="0" maxCrapScore="0" minCrapScore="0" visitedClasses="0" numClasses="0" visitedMethods="1" numMethods="1" />
              <MetadataToken>100663334</MetadataToken>
              <Name>GameLogic::GameLogic()</Name>
              <FileRef uid="1" />
              <SequencePoints>
                <SequencePoint vc="2" uspid="138" ordinal="0" offset="0" sl="24" sc="5" el="24" ec="5" bec="0" bev="0" fileid="1" />
                <SequencePoint vc="2" uspid="139" ordinal="0" offset="7" sl="25" sc="5" el="25" ec="5" bec="0" bev="0" fileid="1" />
                <SequencePoint vc="2" uspid="140" ordinal="0" offset="14" sl="30" sc="9" el="30" ec="9" bec="0" bev="0" fileid="1" />
                <SequencePoint vc="2" uspid="141" ordinal="0" offset="21" sl="34" sc="9" el="34" ec="9" bec="0" bev="0" fileid="1" />
              </SequencePoints>
              <BranchPoints />
            </Method>
          </Methods>
        </Class>
        <Class>
          <Summary numSequencePoints="7" visitedSequencePoints="7" numBranchPoints="0" visitedBranchPoints="0" sequenceCoverage="100.0" branchCoverage="0.0" maxCyclomaticComplexity="0" minCyclomaticComplexity="0" maxCrapScore="0" minCrapScore="0" visitedClasses="1" numClasses="1" visitedMethods="3" numMethods="3" />
          <FullName>ObjectPool</FullName>
          <Methods>
            <Method visited="true" cyclomaticComplexity="0" nPathComplexity="0" sequenceCoverage="100.0" branchCoverage="0" crapScore="0" isConstructor="false" isStatic="false" isGetter="false" isSetter="false">
              <Summary numSequencePoints="1" visitedSequencePoints="1" numBranchPoints="0" visitedBranchPoints="0" sequenceCoverage="100.0" branchCoverage="0" maxCyclomaticComplexity="0" minCyclomaticComplexity="0" maxCrapScore="0" minCrapScore="0" visitedClasses="0" numClasses="0" visitedMethods="1" numMethods="1" />
              <MetadataToken>100663336</MetadataToken>
              <Name>System.Void ObjectPool::Awake()</Name>
              <FileRef uid="2" />
              <SequencePoints>
                <SequencePoint vc="7" uspid="142" ordinal="0" offset="0" sl="11" sc="12" el="11" ec="12" bec="0" bev="0" fileid="2" />
              </SequencePoints>
              <BranchPoints />
            </Method>
            <Method visited="true" cyclomaticComplexity="0" nPathComplexity="0" sequenceCoverage="100.0" branchCoverage="0" crapScore="0" isConstructor="false" isStatic="false" isGetter="false" isSetter="false">
              <Summary numSequencePoints="5" visitedSequencePoints="5" numBranchPoints="0" visitedBranchPoints="0" sequenceCoverage="100.0" branchCoverage="0" maxCyclomaticComplexity="0" minCyclomaticComplexity="0" maxCrapScore="0" minCrapScore="0" visitedClasses="0" numClasses="0" visitedMethods="1" numMethods="1" />
              <MetadataToken>100663337</MetadataToken>
              <Name>T ObjectPool::Request[T]()</Name>
              <FileRef uid="2" />
              <SequencePoints>
                <SequencePoint vc="111" uspid="143" ordinal="0" offset="0" sl="14" sc="0" el="14" ec="0" bec="0" bev="0" fileid="2" />
                <SequencePoint vc="111" uspid="144" ordinal="0" offset="1" sl="15" sc="0" el="15" ec="0" bec="0" bev="0" fileid="2" />
                <SequencePoint vc="3" uspid="145" ordinal="0" offset="19" sl="16" sc="0" el="16" ec="0" bec="0" bev="0" fileid="2" />
                <SequencePoint vc="108" uspid="146" ordinal="0" offset="38" sl="17" sc="0" el="17" ec="0" bec="0" bev="0" fileid="2" />
                <SequencePoint vc="111" uspid="147" ordinal="0" offset="57" sl="18" sc="0" el="18" ec="0" bec="0" bev="0" fileid="2" />
              </SequencePoints>
              <BranchPoints />
            </Method>
            <Method visited="true" cyclomaticComplexity="0" nPathComplexity="0" sequenceCoverage="100.0" branchCoverage="0" crapScore="0" isConstructor="false" isStatic="false" isGetter="false" isSetter="false">
              <Summary numSequencePoints="1" visitedSequencePoints="1" numBranchPoints="0" visitedBranchPoints="0" sequenceCoverage="100.0" branchCoverage="0" maxCyclomaticComplexity="0" minCyclomaticComplexity="0" maxCrapScore="0" minCrapScore="0" visitedClasses="0" numClasses="0" visitedMethods="1" numMethods="1" />
              <MetadataToken>100663338</MetadataToken>
              <Name>System.Void ObjectPool::Release(UnityEngine.GameObject)</Name>
              <FileRef uid="2" />
              <SequencePoints>
                <SequencePoint vc="30" uspid="148" ordinal="0" offset="0" sl="21" sc="12" el="21" ec="12" bec="0" bev="0" fileid="2" />
              </SequencePoints>
              <BranchPoints />
            </Method>
          </Methods>
        </Class>
        <Class>
          <Summary numSequencePoints="24" visitedSequencePoints="0" numBranchPoints="0" visitedBranchPoints="0" sequenceCoverage="0.0" branchCoverage="0.0" maxCyclomaticComplexity="0" minCyclomaticComplexity="0" maxCrapScore="0" minCrapScore="0" visitedClasses="0" numClasses="1" visitedMethods="0" numMethods="6" />
          <FullName>ProgressBar</FullName>
          <Methods>
            <Method visited="false" cyclomaticComplexity="0" nPathComplexity="0" sequenceCoverage="0.0" branchCoverage="0" crapScore="0" isConstructor="false" isStatic="false" isGetter="false" isSetter="false">
              <Summary numSequencePoints="4" visitedSequencePoints="0" numBranchPoints="0" visitedBranchPoints="0" sequenceCoverage="0.0" branchCoverage="0" maxCyclomaticComplexity="0" minCyclomaticComplexity="0" maxCrapScore="0" minCrapScore="0" visitedClasses="0" numClasses="0" visitedMethods="0" numMethods="1" />
              <MetadataToken>100663340</MetadataToken>
              <Name>System.Void ProgressBar::Start()</Name>
              <FileRef uid="3" />
              <SequencePoints>
                <SequencePoint vc="0" uspid="149" ordinal="0" offset="0" sl="14" sc="0" el="14" ec="0" bec="0" bev="0" fileid="3" />
                <SequencePoint vc="0" uspid="150" ordinal="0" offset="1" sl="15" sc="0" el="15" ec="0" bec="0" bev="0" fileid="3" />
                <SequencePoint vc="0" uspid="151" ordinal="0" offset="18" sl="16" sc="0" el="16" ec="0" bec="0" bev="0" fileid="3" />
                <SequencePoint vc="0" uspid="152" ordinal="0" offset="35" sl="17" sc="0" el="17" ec="0" bec="0" bev="0" fileid="3" />
              </SequencePoints>
              <BranchPoints />
            </Method>
            <Method visited="false" cyclomaticComplexity="0" nPathComplexity="0" sequenceCoverage="0.0" branchCoverage="0" crapScore="0" isConstructor="false" isStatic="false" isGetter="false" isSetter="false">
              <Summary numSequencePoints="16" visitedSequencePoints="0" numBranchPoints="0" visitedBranchPoints="0" sequenceCoverage="0.0" branchCoverage="0" maxCyclomaticComplexity="0" minCyclomaticComplexity="0" maxCrapScore="0" minCrapScore="0" visitedClasses="0" numClasses="0" visitedMethods="0" numMethods="1" />
              <MetadataToken>100663341</MetadataToken>
              <Name>System.Void ProgressBar::Fill(System.Single)</Name>
              <FileRef uid="3" />
              <SequencePoints>
                <SequencePoint vc="0" uspid="153" ordinal="0" offset="0" sl="20" sc="0" el="20" ec="0" bec="0" bev="0" fileid="3" />
                <SequencePoint vc="0" uspid="154" ordinal="0" offset="1" sl="21" sc="0" el="21" ec="0" bec="0" bev="0" fileid="3" />
                <SequencePoint vc="0" uspid="155" ordinal="0" offset="24" sl="22" sc="0" el="22" ec="0" bec="0" bev="0" fileid="3" />
                <SequencePoint vc="0" uspid="156" ordinal="0" offset="47" sl="24" sc="0" el="24" ec="0" bec="0" bev="0" fileid="3" />
                <SequencePoint vc="0" uspid="157" ordinal="0" offset="60" sl="25" sc="0" el="25" ec="0" bec="0" bev="0" fileid="3" />
                <SequencePoint vc="0" uspid="158" ordinal="0" offset="61" sl="26" sc="0" el="26" ec="0" bec="0" bev="0" fileid="3" />
                <SequencePoint vc="0" uspid="159" ordinal="0" offset="86" sl="27" sc="0" el="27" ec="0" bec="0" bev="0" fileid="3" />
                <SequencePoint vc="0" uspid="160" ordinal="0" offset="99" sl="28" sc="0" el="28" ec="0" bec="0" bev="0" fileid="3" />
                <SequencePoint vc="0" uspid="161" ordinal="0" offset="131" sl="29" sc="0" el="29" ec="0" bec="0" bev="0" fileid="3" />
                <SequencePoint vc="0" uspid="162" ordinal="0" offset="134" sl="31" sc="0" el="31" ec="0" bec="0" bev="0" fileid="3" />
                <SequencePoint vc="0" uspid="163" ordinal="0" offset="135" sl="32" sc="0" el="32" ec="0" bec="0" bev="0" fileid="3" />
                <SequencePoint vc="0" uspid="164" ordinal="0" offset="160" sl="33" sc="0" el="33" ec="0" bec="0" bev="0" fileid="3" />
                <SequencePoint vc="0" uspid="165" ordinal="0" offset="192" sl="34" sc="0" el="34" ec="0" bec="0" bev="0" fileid="3" />
                <SequencePoint vc="0" uspid="166" ordinal="0" offset="205" sl="35" sc="0" el="35" ec="0" bec="0" bev="0" fileid="3" />
                <SequencePoint vc="0" uspid="167" ordinal="0" offset="206" sl="37" sc="0" el="37" ec="0" bec="0" bev="0" fileid="3" />
                <SequencePoint vc="0" uspid="168" ordinal="0" offset="213" sl="38" sc="0" el="38" ec="0" bec="0" bev="0" fileid="3" />
              </SequencePoints>
              <BranchPoints />
            </Method>
            <Method visited="false" cyclomaticComplexity="0" nPathComplexity="0" sequenceCoverage="0.0" branchCoverage="0" crapScore="0" isConstructor="false" isStatic="false" isGetter="false" isSetter="false">
              <Summary numSequencePoints="1" visitedSequencePoints="0" numBranchPoints="0" visitedBranchPoints="0" sequenceCoverage="0.0" branchCoverage="0" maxCyclomaticComplexity="0" minCyclomaticComplexity="0" maxCrapScore="0" minCrapScore="0" visitedClasses="0" numClasses="0" visitedMethods="0" numMethods="1" />
              <MetadataToken>100663343</MetadataToken>
              <Name>System.Single ProgressBar::&lt;Fill&gt;b__4_0()</Name>
              <FileRef uid="3" />
              <SequencePoints>
                <SequencePoint vc="0" uspid="169" ordinal="0" offset="0" sl="28" sc="0" el="28" ec="0" bec="0" bev="0" fileid="3" />
              </SequencePoints>
              <BranchPoints />
            </Method>
            <Method visited="false" cyclomaticComplexity="0" nPathComplexity="0" sequenceCoverage="0.0" branchCoverage="0" crapScore="0" isConstructor="false" isStatic="false" isGetter="false" isSetter="false">
              <Summary numSequencePoints="1" visitedSequencePoints="0" numBranchPoints="0" visitedBranchPoints="0" sequenceCoverage="0.0" branchCoverage="0" maxCyclomaticComplexity="0" minCyclomaticComplexity="0" maxCrapScore="0" minCrapScore="0" visitedClasses="0" numClasses="0" visitedMethods="0" numMethods="1" />
              <MetadataToken>100663344</MetadataToken>
              <Name>System.Void ProgressBar::&lt;Fill&gt;b__4_1(System.Single)</Name>
              <FileRef uid="3" />
              <SequencePoints>
                <SequencePoint vc="0" uspid="170" ordinal="0" offset="0" sl="28" sc="0" el="28" ec="0" bec="0" bev="0" fileid="3" />
              </SequencePoints>
              <BranchPoints />
            </Method>
            <Method visited="false" cyclomaticComplexity="0" nPathComplexity="0" sequenceCoverage="0.0" branchCoverage="0" crapScore="0" isConstructor="false" isStatic="false" isGetter="false" isSetter="false">
              <Summary numSequencePoints="1" visitedSequencePoints="0" numBranchPoints="0" visitedBranchPoints="0" sequenceCoverage="0.0" branchCoverage="0" maxCyclomaticComplexity="0" minCyclomaticComplexity="0" maxCrapScore="0" minCrapScore="0" visitedClasses="0" numClasses="0" visitedMethods="0" numMethods="1" />
              <MetadataToken>100663345</MetadataToken>
              <Name>System.Single ProgressBar::&lt;Fill&gt;b__4_2()</Name>
              <FileRef uid="3" />
              <SequencePoints>
                <SequencePoint vc="0" uspid="171" ordinal="0" offset="0" sl="33" sc="0" el="33" ec="0" bec="0" bev="0" fileid="3" />
              </SequencePoints>
              <BranchPoints />
            </Method>
            <Method visited="false" cyclomaticComplexity="0" nPathComplexity="0" sequenceCoverage="0.0" branchCoverage="0" crapScore="0" isConstructor="false" isStatic="false" isGetter="false" isSetter="false">
              <Summary numSequencePoints="1" visitedSequencePoints="0" numBranchPoints="0" visitedBranchPoints="0" sequenceCoverage="0.0" branchCoverage="0" maxCyclomaticComplexity="0" minCyclomaticComplexity="0" maxCrapScore="0" minCrapScore="0" visitedClasses="0" numClasses="0" visitedMethods="0" numMethods="1" />
              <MetadataToken>100663346</MetadataToken>
              <Name>System.Void ProgressBar::&lt;Fill&gt;b__4_3(System.Single)</Name>
              <FileRef uid="3" />
              <SequencePoints>
                <SequencePoint vc="0" uspid="172" ordinal="0" offset="0" sl="33" sc="0" el="33" ec="0" bec="0" bev="0" fileid="3" />
              </SequencePoints>
              <BranchPoints />
            </Method>
          </Methods>
        </Class>
        <Class>
          <Summary numSequencePoints="7" visitedSequencePoints="7" numBranchPoints="0" visitedBranchPoints="0" sequenceCoverage="100.0" branchCoverage="0.0" maxCyclomaticComplexity="0" minCyclomaticComplexity="0" maxCrapScore="0" minCrapScore="0" visitedClasses="1" numClasses="1" visitedMethods="2" numMethods="2" />
          <FullName>Ray</FullName>
          <Methods>
            <Method visited="true" cyclomaticComplexity="0" nPathComplexity="0" sequenceCoverage="100.0" branchCoverage="0" crapScore="0" isConstructor="false" isStatic="false" isGetter="false" isSetter="false">
              <Summary numSequencePoints="1" visitedSequencePoints="1" numBranchPoints="0" visitedBranchPoints="0" sequenceCoverage="100.0" branchCoverage="0" maxCyclomaticComplexity="0" minCyclomaticComplexity="0" maxCrapScore="0" minCrapScore="0" visitedClasses="0" numClasses="0" visitedMethods="1" numMethods="1" />
              <MetadataToken>100663347</MetadataToken>
              <Name>System.Void Ray::Awake()</Name>
              <FileRef uid="4" />
              <SequencePoints>
                <SequencePoint vc="1" uspid="173" ordinal="0" offset="0" sl="8" sc="12" el="8" ec="12" bec="0" bev="0" fileid="4" />
              </SequencePoints>
              <BranchPoints />
            </Method>
            <Method visited="true" cyclomaticComplexity="0" nPathComplexity="0" sequenceCoverage="100.0" branchCoverage="0" crapScore="0" isConstructor="false" isStatic="false" isGetter="false" isSetter="false">
              <Summary numSequencePoints="6" visitedSequencePoints="6" numBranchPoints="0" visitedBranchPoints="0" sequenceCoverage="100.0" branchCoverage="0" maxCyclomaticComplexity="0" minCyclomaticComplexity="0" maxCrapScore="0" minCrapScore="0" visitedClasses="0" numClasses="0" visitedMethods="1" numMethods="1" />
              <MetadataToken>100663348</MetadataToken>
              <Name>SlotPrefab Ray::Shoot(UnityEngine.Vector3)</Name>
              <FileRef uid="4" />
              <SequencePoints>
                <SequencePoint vc="366" uspid="174" ordinal="0" offset="0" sl="11" sc="5" el="11" ec="5" bec="0" bev="0" fileid="4" />
                <SequencePoint vc="366" uspid="175" ordinal="0" offset="1" sl="14" sc="9" el="14" ec="9" bec="0" bev="0" fileid="4" />
                <SequencePoint vc="366" uspid="176" ordinal="0" offset="29" sl="16" sc="9" el="16" ec="9" bec="0" bev="0" fileid="4" />
                <SequencePoint vc="301" uspid="177" ordinal="0" offset="58" sl="17" sc="13" el="17" ec="13" bec="0" bev="0" fileid="4" />
                <SequencePoint vc="65" uspid="178" ordinal="0" offset="62" sl="18" sc="9" el="18" ec="9" bec="0" bev="0" fileid="4" />
                <SequencePoint vc="366" uspid="179" ordinal="0" offset="66" sl="19" sc="5" el="19" ec="5" bec="0" bev="0" fileid="4" />
              </SequencePoints>
              <BranchPoints />
            </Method>
          </Methods>
        </Class>
        <Class>
          <Summary numSequencePoints="4" visitedSequencePoints="4" numBranchPoints="0" visitedBranchPoints="0" sequenceCoverage="100.0" branchCoverage="0.0" maxCyclomaticComplexity="0" minCyclomaticComplexity="0" maxCrapScore="0" minCrapScore="0" visitedClasses="1" numClasses="1" visitedMethods="4" numMethods="4" />
          <FullName>ScoreBar</FullName>
          <Methods>
            <Method visited="true" cyclomaticComplexity="0" nPathComplexity="0" sequenceCoverage="100.0" branchCoverage="0" crapScore="0" isConstructor="false" isStatic="false" isGetter="true" isSetter="false">
              <Summary numSequencePoints="1" visitedSequencePoints="1" numBranchPoints="0" visitedBranchPoints="0" sequenceCoverage="100.0" branchCoverage="0" maxCyclomaticComplexity="0" minCyclomaticComplexity="0" maxCrapScore="0" minCrapScore="0" visitedClasses="0" numClasses="0" visitedMethods="1" numMethods="1" />
              <MetadataToken>100663350</MetadataToken>
              <Name>System.String ScoreBar::get_Score()</Name>
              <FileRef uid="5" />
              <SequencePoints>
                <SequencePoint vc="10458" uspid="180" ordinal="0" offset="0" sl="11" sc="16" el="11" ec="16" bec="0" bev="0" fileid="5" />
              </SequencePoints>
              <BranchPoints />
            </Method>
            <Method visited="true" cyclomaticComplexity="0" nPathComplexity="0" sequenceCoverage="100.0" branchCoverage="0" crapScore="0" isConstructor="false" isStatic="false" isGetter="false" isSetter="true">
              <Summary numSequencePoints="1" visitedSequencePoints="1" numBranchPoints="0" visitedBranchPoints="0" sequenceCoverage="100.0" branchCoverage="0" maxCyclomaticComplexity="0" minCyclomaticComplexity="0" maxCrapScore="0" minCrapScore="0" visitedClasses="0" numClasses="0" visitedMethods="1" numMethods="1" />
              <MetadataToken>100663351</MetadataToken>
              <Name>System.Void ScoreBar::set_Score(System.String)</Name>
              <FileRef uid="5" />
              <SequencePoints>
                <SequencePoint vc="10458" uspid="181" ordinal="0" offset="0" sl="12" sc="16" el="12" ec="16" bec="0" bev="0" fileid="5" />
              </SequencePoints>
              <BranchPoints />
            </Method>
            <Method visited="true" cyclomaticComplexity="0" nPathComplexity="0" sequenceCoverage="100.0" branchCoverage="0" crapScore="0" isConstructor="false" isStatic="false" isGetter="true" isSetter="false">
              <Summary numSequencePoints="1" visitedSequencePoints="1" numBranchPoints="0" visitedBranchPoints="0" sequenceCoverage="100.0" branchCoverage="0" maxCyclomaticComplexity="0" minCyclomaticComplexity="0" maxCrapScore="0" minCrapScore="0" visitedClasses="0" numClasses="0" visitedMethods="1" numMethods="1" />
              <MetadataToken>100663352</MetadataToken>
              <Name>System.Single ScoreBar::get_FillAmount()</Name>
              <FileRef uid="5" />
              <SequencePoints>
                <SequencePoint vc="1" uspid="182" ordinal="0" offset="0" sl="16" sc="16" el="16" ec="16" bec="0" bev="0" fileid="5" />
              </SequencePoints>
              <BranchPoints />
            </Method>
            <Method visited="true" cyclomaticComplexity="0" nPathComplexity="0" sequenceCoverage="100.0" branchCoverage="0" crapScore="0" isConstructor="false" isStatic="false" isGetter="false" isSetter="true">
              <Summary numSequencePoints="1" visitedSequencePoints="1" numBranchPoints="0" visitedBranchPoints="0" sequenceCoverage="100.0" branchCoverage="0" maxCyclomaticComplexity="0" minCyclomaticComplexity="0" maxCrapScore="0" minCrapScore="0" visitedClasses="0" numClasses="0" visitedMethods="1" numMethods="1" />
              <MetadataToken>100663353</MetadataToken>
              <Name>System.Void ScoreBar::set_FillAmount(System.Single)</Name>
              <FileRef uid="5" />
              <SequencePoints>
                <SequencePoint vc="3799" uspid="183" ordinal="0" offset="0" sl="17" sc="16" el="17" ec="16" bec="0" bev="0" fileid="5" />
              </SequencePoints>
              <BranchPoints />
            </Method>
          </Methods>
        </Class>
        <Class>
          <Summary numSequencePoints="11" visitedSequencePoints="11" numBranchPoints="0" visitedBranchPoints="0" sequenceCoverage="100.0" branchCoverage="0.0" maxCyclomaticComplexity="0" minCyclomaticComplexity="0" maxCrapScore="0" minCrapScore="0" visitedClasses="1" numClasses="1" visitedMethods="2" numMethods="2" />
          <FullName>BulletManager</FullName>
          <Methods>
            <Method visited="true" cyclomaticComplexity="0" nPathComplexity="0" sequenceCoverage="100.0" branchCoverage="0" crapScore="0" isConstructor="false" isStatic="false" isGetter="false" isSetter="false">
              <Summary numSequencePoints="4" visitedSequencePoints="4" numBranchPoints="0" visitedBranchPoints="0" sequenceCoverage="100.0" branchCoverage="0" maxCyclomaticComplexity="0" minCyclomaticComplexity="0" maxCrapScore="0" minCrapScore="0" visitedClasses="0" numClasses="0" visitedMethods="1" numMethods="1" />
              <MetadataToken>100663355</MetadataToken>
              <Name>System.Void BulletManager::Awake()</Name>
              <FileRef uid="6" />
              <SequencePoints>
                <SequencePoint vc="1" uspid="184" ordinal="0" offset="0" sl="6" sc="37" el="6" ec="37" bec="0" bev="0" fileid="6" />
                <SequencePoint vc="1" uspid="185" ordinal="0" offset="1" sl="7" sc="9" el="7" ec="9" bec="0" bev="0" fileid="6" />
                <SequencePoint vc="1" uspid="186" ordinal="0" offset="8" sl="8" sc="9" el="8" ec="9" bec="0" bev="0" fileid="6" />
                <SequencePoint vc="1" uspid="187" ordinal="0" offset="29" sl="9" sc="5" el="9" ec="5" bec="0" bev="0" fileid="6" />
              </SequencePoints>
              <BranchPoints />
            </Method>
            <Method visited="true" cyclomaticComplexity="0" nPathComplexity="0" sequenceCoverage="100.0" branchCoverage="0" crapScore="0" isConstructor="false" isStatic="false" isGetter="false" isSetter="false">
              <Summary numSequencePoints="7" visitedSequencePoints="7" numBranchPoints="0" visitedBranchPoints="0" sequenceCoverage="100.0" branchCoverage="0" maxCyclomaticComplexity="0" minCyclomaticComplexity="0" maxCrapScore="0" minCrapScore="0" visitedClasses="0" numClasses="0" visitedMethods="1" numMethods="1" />
              <MetadataToken>100663356</MetadataToken>
              <Name>System.Void BulletManager::Move(BulletPrefab, CharactorPrefab)</Name>
              <FileRef uid="6" />
              <SequencePoints>
                <SequencePoint vc="11" uspid="188" ordinal="0" offset="27" sl="12" sc="5" el="12" ec="5" bec="0" bev="0" fileid="6" />
                <SequencePoint vc="11" uspid="189" ordinal="0" offset="28" sl="13" sc="9" el="13" ec="9" bec="0" bev="0" fileid="6" />
                <SequencePoint vc="11" uspid="190" ordinal="0" offset="72" sl="14" sc="9" el="14" ec="9" bec="0" bev="0" fileid="6" />
                <SequencePoint vc="11" uspid="191" ordinal="0" offset="78" sl="16" sc="9" el="16" ec="9" bec="0" bev="0" fileid="6" />
                <SequencePoint vc="11" uspid="192" ordinal="0" offset="143" sl="17" sc="9" el="17" ec="9" bec="0" bev="0" fileid="6" />
                <SequencePoint vc="11" uspid="193" ordinal="0" offset="155" sl="18" sc="9" el="18" ec="9" bec="0" bev="0" fileid="6" />
                <SequencePoint vc="11" uspid="194" ordinal="0" offset="174" sl="19" sc="5" el="19" ec="5" bec="0" bev="0" fileid="6" />
              </SequencePoints>
              <BranchPoints />
            </Method>
          </Methods>
        </Class>
        <Class>
          <Summary numSequencePoints="5" visitedSequencePoints="5" numBranchPoints="0" visitedBranchPoints="0" sequenceCoverage="100.0" branchCoverage="0.0" maxCyclomaticComplexity="0" minCyclomaticComplexity="0" maxCrapScore="0" minCrapScore="0" visitedClasses="1" numClasses="1" visitedMethods="2" numMethods="2" />
          <FullName>CharactorManager</FullName>
          <Methods>
            <Method visited="true" cyclomaticComplexity="0" nPathComplexity="0" sequenceCoverage="100.0" branchCoverage="0" crapScore="0" isConstructor="false" isStatic="false" isGetter="false" isSetter="false">
              <Summary numSequencePoints="4" visitedSequencePoints="4" numBranchPoints="0" visitedBranchPoints="0" sequenceCoverage="100.0" branchCoverage="0" maxCyclomaticComplexity="0" minCyclomaticComplexity="0" maxCrapScore="0" minCrapScore="0" visitedClasses="0" numClasses="0" visitedMethods="1" numMethods="1" />
              <MetadataToken>100663359</MetadataToken>
              <Name>System.Void CharactorManager::Awake()</Name>
              <FileRef uid="7" />
              <SequencePoints>
                <SequencePoint vc="1" uspid="195" ordinal="0" offset="0" sl="6" sc="37" el="6" ec="37" bec="0" bev="0" fileid="7" />
                <SequencePoint vc="1" uspid="196" ordinal="0" offset="1" sl="7" sc="9" el="7" ec="9" bec="0" bev="0" fileid="7" />
                <SequencePoint vc="1" uspid="197" ordinal="0" offset="8" sl="8" sc="9" el="8" ec="9" bec="0" bev="0" fileid="7" />
                <SequencePoint vc="1" uspid="198" ordinal="0" offset="29" sl="9" sc="5" el="9" ec="5" bec="0" bev="0" fileid="7" />
              </SequencePoints>
              <BranchPoints />
            </Method>
            <Method visited="true" cyclomaticComplexity="0" nPathComplexity="0" sequenceCoverage="100.0" branchCoverage="0" crapScore="0" isConstructor="false" isStatic="false" isGetter="false" isSetter="false">
              <Summary numSequencePoints="1" visitedSequencePoints="1" numBranchPoints="0" visitedBranchPoints="0" sequenceCoverage="100.0" branchCoverage="0" maxCyclomaticComplexity="0" minCyclomaticComplexity="0" maxCrapScore="0" minCrapScore="0" visitedClasses="0" numClasses="0" visitedMethods="1" numMethods="1" />
              <MetadataToken>100663360</MetadataToken>
              <Name>CharactorPrefab CharactorManager::First()</Name>
              <FileRef uid="7" />
              <SequencePoints>
                <SequencePoint vc="11" uspid="199" ordinal="0" offset="0" sl="12" sc="12" el="12" ec="12" bec="0" bev="0" fileid="7" />
              </SequencePoints>
              <BranchPoints />
            </Method>
          </Methods>
        </Class>
        <Class>
          <Summary numSequencePoints="12" visitedSequencePoints="12" numBranchPoints="0" visitedBranchPoints="0" sequenceCoverage="100.0" branchCoverage="0.0" maxCyclomaticComplexity="0" minCyclomaticComplexity="0" maxCrapScore="0" minCrapScore="0" visitedClasses="1" numClasses="1" visitedMethods="3" numMethods="3" />
          <FullName>CharactorPrefab</FullName>
          <Methods>
            <Method visited="true" cyclomaticComplexity="0" nPathComplexity="0" sequenceCoverage="100.0" branchCoverage="0" crapScore="0" isConstructor="false" isStatic="false" isGetter="false" isSetter="false">
              <Summary numSequencePoints="5" visitedSequencePoints="5" numBranchPoints="0" visitedBranchPoints="0" sequenceCoverage="100.0" branchCoverage="0" maxCyclomaticComplexity="0" minCyclomaticComplexity="0" maxCrapScore="0" minCrapScore="0" visitedClasses="0" numClasses="0" visitedMethods="1" numMethods="1" />
              <MetadataToken>100663362</MetadataToken>
              <Name>System.Void CharactorPrefab::Start()</Name>
              <FileRef uid="8" />
              <SequencePoints>
                <SequencePoint vc="1" uspid="200" ordinal="0" offset="0" sl="12" sc="5" el="12" ec="5" bec="0" bev="0" fileid="8" />
                <SequencePoint vc="1" uspid="201" ordinal="0" offset="1" sl="13" sc="9" el="13" ec="9" bec="0" bev="0" fileid="8" />
                <SequencePoint vc="1" uspid="202" ordinal="0" offset="13" sl="14" sc="9" el="14" ec="9" bec="0" bev="0" fileid="8" />
                <SequencePoint vc="1" uspid="203" ordinal="0" offset="34" sl="15" sc="9" el="15" ec="9" bec="0" bev="0" fileid="8" />
                <SequencePoint vc="1" uspid="204" ordinal="0" offset="45" sl="16" sc="5" el="16" ec="5" bec="0" bev="0" fileid="8" />
              </SequencePoints>
              <BranchPoints />
            </Method>
            <Method visited="true" cyclomaticComplexity="0" nPathComplexity="0" sequenceCoverage="100.0" branchCoverage="0" crapScore="0" isConstructor="false" isStatic="false" isGetter="true" isSetter="false">
              <Summary numSequencePoints="1" visitedSequencePoints="1" numBranchPoints="0" visitedBranchPoints="0" sequenceCoverage="100.0" branchCoverage="0" maxCyclomaticComplexity="0" minCyclomaticComplexity="0" maxCrapScore="0" minCrapScore="0" visitedClasses="0" numClasses="0" visitedMethods="1" numMethods="1" />
              <MetadataToken>100663363</MetadataToken>
              <Name>UnityEngine.Vector3 CharactorPrefab::get_Position()</Name>
              <FileRef uid="8" />
              <SequencePoints>
                <SequencePoint vc="11" uspid="205" ordinal="0" offset="0" sl="20" sc="16" el="20" ec="16" bec="0" bev="0" fileid="8" />
              </SequencePoints>
              <BranchPoints />
            </Method>
            <Method visited="true" cyclomaticComplexity="0" nPathComplexity="0" sequenceCoverage="100.0" branchCoverage="0" crapScore="0" isConstructor="false" isStatic="false" isGetter="false" isSetter="false">
              <Summary numSequencePoints="6" visitedSequencePoints="6" numBranchPoints="0" visitedBranchPoints="0" sequenceCoverage="100.0" branchCoverage="0" maxCyclomaticComplexity="0" minCyclomaticComplexity="0" maxCrapScore="0" minCrapScore="0" visitedClasses="0" numClasses="0" visitedMethods="1" numMethods="1" />
              <MetadataToken>100663364</MetadataToken>
              <Name>System.Void CharactorPrefab::Scaling()</Name>
              <FileRef uid="8" />
              <SequencePoints>
                <SequencePoint vc="11" uspid="206" ordinal="0" offset="0" sl="36" sc="5" el="36" ec="5" bec="0" bev="0" fileid="8" />
                <SequencePoint vc="11" uspid="207" ordinal="0" offset="1" sl="37" sc="9" el="37" ec="9" bec="0" bev="0" fileid="8" />
                <SequencePoint vc="11" uspid="208" ordinal="0" offset="7" sl="38" sc="9" el="38" ec="9" bec="0" bev="0" fileid="8" />
                <SequencePoint vc="11" uspid="209" ordinal="0" offset="45" sl="39" sc="9" el="39" ec="9" bec="0" bev="0" fileid="8" />
                <SequencePoint vc="11" uspid="210" ordinal="0" offset="92" sl="40" sc="9" el="40" ec="9" bec="0" bev="0" fileid="8" />
                <SequencePoint vc="11" uspid="211" ordinal="0" offset="99" sl="41" sc="5" el="41" ec="5" bec="0" bev="0" fileid="8" />
              </SequencePoints>
              <BranchPoints />
            </Method>
          </Methods>
        </Class>
        <Class>
          <Summary numSequencePoints="39" visitedSequencePoints="28" numBranchPoints="0" visitedBranchPoints="0" sequenceCoverage="71.79" branchCoverage="0.0" maxCyclomaticComplexity="0" minCyclomaticComplexity="0" maxCrapScore="0" minCrapScore="0" visitedClasses="1" numClasses="1" visitedMethods="9" numMethods="11" />
          <FullName>BallManager</FullName>
          <Methods>
            <Method visited="true" cyclomaticComplexity="0" nPathComplexity="0" sequenceCoverage="100.0" branchCoverage="0" crapScore="0" isConstructor="false" isStatic="false" isGetter="true" isSetter="false">
              <Summary numSequencePoints="1" visitedSequencePoints="1" numBranchPoints="0" visitedBranchPoints="0" sequenceCoverage="100.0" branchCoverage="0" maxCyclomaticComplexity="0" minCyclomaticComplexity="0" maxCrapScore="0" minCrapScore="0" visitedClasses="0" numClasses="0" visitedMethods="1" numMethods="1" />
              <MetadataToken>100663366</MetadataToken>
              <Name>System.Int32 BallManager::get_BallVariation()</Name>
              <FileRef uid="9" />
              <SequencePoints>
                <SequencePoint vc="42" uspid="212" ordinal="0" offset="0" sl="6" sc="32" el="6" ec="32" bec="0" bev="0" fileid="9" />
              </SequencePoints>
              <BranchPoints />
            </Method>
            <Method visited="true" cyclomaticComplexity="0" nPathComplexity="0" sequenceCoverage="100.0" branchCoverage="0" crapScore="0" isConstructor="false" isStatic="false" isGetter="false" isSetter="true">
              <Summary numSequencePoints="1" visitedSequencePoints="1" numBranchPoints="0" visitedBranchPoints="0" sequenceCoverage="100.0" branchCoverage="0" maxCyclomaticComplexity="0" minCyclomaticComplexity="0" maxCrapScore="0" minCrapScore="0" visitedClasses="0" numClasses="0" visitedMethods="1" numMethods="1" />
              <MetadataToken>100663367</MetadataToken>
              <Name>System.Void BallManager::set_BallVariation(System.Int32)</Name>
              <FileRef uid="9" />
              <SequencePoints>
                <SequencePoint vc="1" uspid="213" ordinal="0" offset="0" sl="6" sc="37" el="6" ec="37" bec="0" bev="0" fileid="9" />
              </SequencePoints>
              <BranchPoints />
            </Method>
            <Method visited="true" cyclomaticComplexity="0" nPathComplexity="0" sequenceCoverage="100.0" branchCoverage="0" crapScore="0" isConstructor="false" isStatic="false" isGetter="false" isSetter="false">
              <Summary numSequencePoints="4" visitedSequencePoints="4" numBranchPoints="0" visitedBranchPoints="0" sequenceCoverage="100.0" branchCoverage="0" maxCyclomaticComplexity="0" minCyclomaticComplexity="0" maxCrapScore="0" minCrapScore="0" visitedClasses="0" numClasses="0" visitedMethods="1" numMethods="1" />
              <MetadataToken>100663368</MetadataToken>
              <Name>System.Void BallManager::Awake()</Name>
              <FileRef uid="9" />
              <SequencePoints>
                <SequencePoint vc="1" uspid="214" ordinal="0" offset="0" sl="8" sc="37" el="8" ec="37" bec="0" bev="0" fileid="9" />
                <SequencePoint vc="1" uspid="215" ordinal="0" offset="1" sl="9" sc="9" el="9" ec="9" bec="0" bev="0" fileid="9" />
                <SequencePoint vc="1" uspid="216" ordinal="0" offset="8" sl="10" sc="9" el="10" ec="9" bec="0" bev="0" fileid="9" />
                <SequencePoint vc="1" uspid="217" ordinal="0" offset="29" sl="11" sc="5" el="11" ec="5" bec="0" bev="0" fileid="9" />
              </SequencePoints>
              <BranchPoints />
            </Method>
            <Method visited="true" cyclomaticComplexity="0" nPathComplexity="0" sequenceCoverage="100.0" branchCoverage="0" crapScore="0" isConstructor="false" isStatic="false" isGetter="false" isSetter="false">
              <Summary numSequencePoints="5" visitedSequencePoints="5" numBranchPoints="0" visitedBranchPoints="0" sequenceCoverage="100.0" branchCoverage="0" maxCyclomaticComplexity="0" minCyclomaticComplexity="0" maxCrapScore="0" minCrapScore="0" visitedClasses="0" numClasses="0" visitedMethods="1" numMethods="1" />
              <MetadataToken>100663369</MetadataToken>
              <Name>BallPrefab BallManager::Request()</Name>
              <FileRef uid="9" />
              <SequencePoints>
                <SequencePoint vc="42" uspid="218" ordinal="0" offset="0" sl="14" sc="5" el="14" ec="5" bec="0" bev="0" fileid="9" />
                <SequencePoint vc="42" uspid="219" ordinal="0" offset="1" sl="15" sc="9" el="15" ec="9" bec="0" bev="0" fileid="9" />
                <SequencePoint vc="42" uspid="220" ordinal="0" offset="8" sl="16" sc="9" el="16" ec="9" bec="0" bev="0" fileid="9" />
                <SequencePoint vc="42" uspid="221" ordinal="0" offset="22" sl="17" sc="9" el="17" ec="9" bec="0" bev="0" fileid="9" />
                <SequencePoint vc="42" uspid="222" ordinal="0" offset="26" sl="18" sc="5" el="18" ec="5" bec="0" bev="0" fileid="9" />
              </SequencePoints>
              <BranchPoints />
            </Method>
[...]
              <MetadataToken>100663306</MetadataToken>
              <Name>System.Void PatternTest::SetTimer(System.Single, System.Single)</Name>
              <FileRef uid="35" />
              <SequencePoints>
                <SequencePoint vc="2" uspid="2882" ordinal="0" offset="0" sl="109" sc="61" el="109" ec="61" bec="0" bev="0" fileid="35" />
                <SequencePoint vc="2" uspid="2883" ordinal="0" offset="1" sl="110" sc="9" el="110" ec="9" bec="0" bev="0" fileid="35" />
                <SequencePoint vc="2" uspid="2884" ordinal="0" offset="8" sl="111" sc="9" el="111" ec="9" bec="0" bev="0" fileid="35" />
                <SequencePoint vc="2" uspid="2885" ordinal="0" offset="15" sl="112" sc="5" el="112" ec="5" bec="0" bev="0" fileid="35" />
              </SequencePoints>
              <BranchPoints />
            </Method>
            <Method visited="true" cyclomaticComplexity="0" nPathComplexity="0" sequenceCoverage="100.0" branchCoverage="0" crapScore="0" isConstructor="false" isStatic="false" isGetter="false" isSetter="false">
              <Summary numSequencePoints="5" visitedSequencePoints="5" numBranchPoints="0" visitedBranchPoints="0" sequenceCoverage="100.0" branchCoverage="0" maxCyclomaticComplexity="0" minCyclomaticComplexity="0" maxCrapScore="0" minCrapScore="0" visitedClasses="0" numClasses="0" visitedMethods="1" numMethods="1" />
              <MetadataToken>100663307</MetadataToken>
              <Name>System.Void PatternTest::BeginTimer()</Name>
              <FileRef uid="35" />
              <SequencePoints>
                <SequencePoint vc="1" uspid="2886" ordinal="0" offset="0" sl="114" sc="31" el="114" ec="31" bec="0" bev="0" fileid="35" />
                <SequencePoint vc="1" uspid="2887" ordinal="0" offset="1" sl="115" sc="9" el="115" ec="9" bec="0" bev="0" fileid="35" />
                <SequencePoint vc="1" uspid="2888" ordinal="0" offset="19" sl="117" sc="9" el="117" ec="9" bec="0" bev="0" fileid="35" />
                <SequencePoint vc="1" uspid="2889" ordinal="0" offset="42" sl="118" sc="9" el="118" ec="9" bec="0" bev="0" fileid="35" />
                <SequencePoint vc="1" uspid="2890" ordinal="0" offset="128" sl="131" sc="5" el="131" ec="5" bec="0" bev="0" fileid="35" />
              </SequencePoints>
              <BranchPoints />
            </Method>
            <Method visited="false" cyclomaticComplexity="0" nPathComplexity="0" sequenceCoverage="0.0" branchCoverage="0" crapScore="0" isConstructor="false" isStatic="false" isGetter="false" isSetter="false">
              <Summary numSequencePoints="9" visitedSequencePoints="0" numBranchPoints="0" visitedBranchPoints="0" sequenceCoverage="0.0" branchCoverage="0" maxCyclomaticComplexity="0" minCyclomaticComplexity="0" maxCrapScore="0" minCrapScore="0" visitedClasses="0" numClasses="0" visitedMethods="0" numMethods="1" />
              <MetadataToken>100663308</MetadataToken>
              <Name>System.Void PatternTest::UpdateTimer()</Name>
              <FileRef uid="35" />
              <SequencePoints>
                <SequencePoint vc="0" uspid="2891" ordinal="0" offset="0" sl="133" sc="0" el="133" ec="0" bec="0" bev="0" fileid="35" />
                <SequencePoint vc="0" uspid="2892" ordinal="0" offset="1" sl="134" sc="0" el="134" ec="0" bec="0" bev="0" fileid="35" />
                <SequencePoint vc="0" uspid="2893" ordinal="0" offset="13" sl="136" sc="0" el="136" ec="0" bec="0" bev="0" fileid="35" />
                <SequencePoint vc="0" uspid="2894" ordinal="0" offset="30" sl="137" sc="0" el="137" ec="0" bec="0" bev="0" fileid="35" />
                <SequencePoint vc="0" uspid="2895" ordinal="0" offset="57" sl="138" sc="0" el="138" ec="0" bec="0" bev="0" fileid="35" />
                <SequencePoint vc="0" uspid="2896" ordinal="0" offset="79" sl="139" sc="0" el="139" ec="0" bec="0" bev="0" fileid="35" />
                <SequencePoint vc="0" uspid="2897" ordinal="0" offset="97" sl="140" sc="0" el="140" ec="0" bec="0" bev="0" fileid="35" />
                <SequencePoint vc="0" uspid="2898" ordinal="0" offset="113" sl="142" sc="0" el="142" ec="0" bec="0" bev="0" fileid="35" />
                <SequencePoint vc="0" uspid="2899" ordinal="0" offset="120" sl="143" sc="0" el="143" ec="0" bec="0" bev="0" fileid="35" />
              </SequencePoints>
              <BranchPoints />
            </Method>
            <Method visited="true" cyclomaticComplexity="0" nPathComplexity="0" sequenceCoverage="100.0" branchCoverage="0" crapScore="0" isConstructor="false" isStatic="false" isGetter="true" isSetter="false">
              <Summary numSequencePoints="3" visitedSequencePoints="3" numBranchPoints="0" visitedBranchPoints="0" sequenceCoverage="100.0" branchCoverage="0" maxCyclomaticComplexity="0" minCyclomaticComplexity="0" maxCrapScore="0" minCrapScore="0" visitedClasses="0" numClasses="0" visitedMethods="1" numMethods="1" />
              <MetadataToken>100663310</MetadataToken>
              <Name>System.Boolean PatternTest::get_IsTestFinished()</Name>
              <FileRef uid="35" />
              <SequencePoints>
                <SequencePoint vc="10458" uspid="2900" ordinal="0" offset="0" sl="162" sc="13" el="162" ec="13" bec="0" bev="0" fileid="35" />
                <SequencePoint vc="10458" uspid="2901" ordinal="0" offset="1" sl="162" sc="15" el="162" ec="15" bec="0" bev="0" fileid="35" />
                <SequencePoint vc="10458" uspid="2902" ordinal="0" offset="24" sl="162" sc="60" el="162" ec="60" bec="0" bev="0" fileid="35" />
              </SequencePoints>
              <BranchPoints />
            </Method>
            <Method visited="true" cyclomaticComplexity="0" nPathComplexity="0" sequenceCoverage="87.50" branchCoverage="0" crapScore="0" isConstructor="false" isStatic="false" isGetter="false" isSetter="false">
              <Summary numSequencePoints="8" visitedSequencePoints="7" numBranchPoints="0" visitedBranchPoints="0" sequenceCoverage="87.50" branchCoverage="0" maxCyclomaticComplexity="0" minCyclomaticComplexity="0" maxCrapScore="0" minCrapScore="0" visitedClasses="0" numClasses="0" visitedMethods="1" numMethods="1" />
              <MetadataToken>100663311</MetadataToken>
              <Name>System.Void PatternTest::Update()</Name>
              <FileRef uid="35" />
              <SequencePoints>
                <SequencePoint vc="10458" uspid="2903" ordinal="0" offset="0" sl="165" sc="27" el="165" ec="27" bec="0" bev="0" fileid="35" />
                <SequencePoint vc="10458" uspid="2904" ordinal="0" offset="1" sl="167" sc="9" el="167" ec="9" bec="0" bev="0" fileid="35" />
                <SequencePoint vc="0" uspid="2905" ordinal="0" offset="19" sl="168" sc="13" el="168" ec="13" bec="0" bev="0" fileid="35" />
                <SequencePoint vc="10458" uspid="2906" ordinal="0" offset="26" sl="170" sc="9" el="170" ec="9" bec="0" bev="0" fileid="35" />
                <SequencePoint vc="4089" uspid="2907" ordinal="0" offset="41" sl="171" sc="13" el="171" ec="13" bec="0" bev="0" fileid="35" />
                <SequencePoint vc="6369" uspid="2908" ordinal="0" offset="65" sl="173" sc="13" el="173" ec="13" bec="0" bev="0" fileid="35" />
                <SequencePoint vc="10458" uspid="2909" ordinal="0" offset="87" sl="175" sc="9" el="175" ec="9" bec="0" bev="0" fileid="35" />
                <SequencePoint vc="10458" uspid="2910" ordinal="0" offset="118" sl="178" sc="5" el="178" ec="5" bec="0" bev="0" fileid="35" />
              </SequencePoints>
              <BranchPoints />
            </Method>
            <Method visited="false" cyclomaticComplexity="0" nPathComplexity="0" sequenceCoverage="0.0" branchCoverage="0" crapScore="0" isConstructor="false" isStatic="false" isGetter="false" isSetter="false">
              <Summary numSequencePoints="8" visitedSequencePoints="0" numBranchPoints="0" visitedBranchPoints="0" sequenceCoverage="0.0" branchCoverage="0" maxCyclomaticComplexity="0" minCyclomaticComplexity="0" maxCrapScore="0" minCrapScore="0" visitedClasses="0" numClasses="0" visitedMethods="0" numMethods="1" />
              <MetadataToken>100663314</MetadataToken>
              <Name>System.Void PatternTest::&lt;SetButtonAction&gt;b__15_0()</Name>
              <FileRef uid="35" />
              <SequencePoints>
                <SequencePoint vc="0" uspid="2911" ordinal="0" offset="0" sl="98" sc="0" el="98" ec="0" bec="0" bev="0" fileid="35" />
                <SequencePoint vc="0" uspid="2912" ordinal="0" offset="1" sl="99" sc="0" el="99" ec="0" bec="0" bev="0" fileid="35" />
                <SequencePoint vc="0" uspid="2913" ordinal="0" offset="16" sl="99" sc="0" el="99" ec="0" bec="0" bev="0" fileid="35" />
                <SequencePoint vc="0" uspid="2914" ordinal="0" offset="17" sl="100" sc="0" el="100" ec="0" bec="0" bev="0" fileid="35" />
                <SequencePoint vc="0" uspid="2915" ordinal="0" offset="29" sl="101" sc="0" el="101" ec="0" bec="0" bev="0" fileid="35" />
                <SequencePoint vc="0" uspid="2916" ordinal="0" offset="36" sl="102" sc="0" el="102" ec="0" bec="0" bev="0" fileid="35" />
                <SequencePoint vc="0" uspid="2917" ordinal="0" offset="43" sl="103" sc="0" el="103" ec="0" bec="0" bev="0" fileid="35" />
                <SequencePoint vc="0" uspid="2918" ordinal="0" offset="44" sl="104" sc="0" el="104" ec="0" bec="0" bev="0" fileid="35" />
              </SequencePoints>
              <BranchPoints />
            </Method>
            <Method visited="true" cyclomaticComplexity="0" nPathComplexity="0" sequenceCoverage="100.0" branchCoverage="0" crapScore="0" isConstructor="false" isStatic="false" isGetter="false" isSetter="false">
              <Summary numSequencePoints="1" visitedSequencePoints="1" numBranchPoints="0" visitedBranchPoints="0" sequenceCoverage="100.0" branchCoverage="0" maxCyclomaticComplexity="0" minCyclomaticComplexity="0" maxCrapScore="0" minCrapScore="0" visitedClasses="0" numClasses="0" visitedMethods="1" numMethods="1" />
              <MetadataToken>100663315</MetadataToken>
              <Name>System.Single PatternTest::&lt;BeginTimer&gt;b__18_0()</Name>
              <FileRef uid="35" />
              <SequencePoints>
                <SequencePoint vc="1" uspid="2919" ordinal="0" offset="0" sl="120" sc="23" el="120" ec="23" bec="0" bev="0" fileid="35" />
              </SequencePoints>
              <BranchPoints />
            </Method>
            <Method visited="true" cyclomaticComplexity="0" nPathComplexity="0" sequenceCoverage="100.0" branchCoverage="0" crapScore="0" isConstructor="false" isStatic="false" isGetter="false" isSetter="false">
              <Summary numSequencePoints="1" visitedSequencePoints="1" numBranchPoints="0" visitedBranchPoints="0" sequenceCoverage="100.0" branchCoverage="0" maxCyclomaticComplexity="0" minCyclomaticComplexity="0" maxCrapScore="0" minCrapScore="0" visitedClasses="0" numClasses="0" visitedMethods="1" numMethods="1" />
              <MetadataToken>100663316</MetadataToken>
              <Name>System.Void PatternTest::&lt;BeginTimer&gt;b__18_1(System.Single)</Name>
              <FileRef uid="35" />
              <SequencePoints>
                <SequencePoint vc="3798" uspid="2920" ordinal="0" offset="0" sl="121" sc="22" el="121" ec="22" bec="0" bev="0" fileid="35" />
              </SequencePoints>
              <BranchPoints />
            </Method>
            <Method visited="false" cyclomaticComplexity="0" nPathComplexity="0" sequenceCoverage="0.0" branchCoverage="0" crapScore="0" isConstructor="false" isStatic="false" isGetter="false" isSetter="false">
              <Summary numSequencePoints="3" visitedSequencePoints="0" numBranchPoints="0" visitedBranchPoints="0" sequenceCoverage="0.0" branchCoverage="0" maxCyclomaticComplexity="0" minCyclomaticComplexity="0" maxCrapScore="0" minCrapScore="0" visitedClasses="0" numClasses="0" visitedMethods="0" numMethods="1" />
              <MetadataToken>100663317</MetadataToken>
              <Name>System.Void PatternTest::&lt;BeginTimer&gt;b__18_2()</Name>
              <FileRef uid="35" />
              <SequencePoints>
                <SequencePoint vc="0" uspid="2921" ordinal="0" offset="0" sl="128" sc="0" el="128" ec="0" bec="0" bev="0" fileid="35" />
                <SequencePoint vc="0" uspid="2922" ordinal="0" offset="1" sl="129" sc="0" el="129" ec="0" bec="0" bev="0" fileid="35" />
                <SequencePoint vc="0" uspid="2923" ordinal="0" offset="14" sl="130" sc="0" el="130" ec="0" bec="0" bev="0" fileid="35" />
              </SequencePoints>
              <BranchPoints />
            </Method>
          </Methods>
        </Class>
        <Class>
          <Summary numSequencePoints="3" visitedSequencePoints="2" numBranchPoints="0" visitedBranchPoints="0" sequenceCoverage="66.67" branchCoverage="0.0" maxCyclomaticComplexity="0" minCyclomaticComplexity="0" maxCrapScore="0" minCrapScore="0" visitedClasses="1" numClasses="1" visitedMethods="1" numMethods="1" />
          <FullName>NewTestScript/&lt;NewTestScriptWithEnumeratorPasses&gt;d__1</FullName>
          <Methods>
            <Method visited="true" cyclomaticComplexity="0" nPathComplexity="0" sequenceCoverage="66.67" branchCoverage="0" crapScore="0" isConstructor="false" isStatic="false" isGetter="false" isSetter="false">
              <Summary numSequencePoints="3" visitedSequencePoints="2" numBranchPoints="0" visitedBranchPoints="0" sequenceCoverage="66.67" branchCoverage="0" maxCyclomaticComplexity="0" minCyclomaticComplexity="0" maxCrapScore="0" minCrapScore="0" visitedClasses="0" numClasses="0" visitedMethods="1" numMethods="1" />
              <MetadataToken>100663320</MetadataToken>
              <Name>System.Boolean NewTestScript/&lt;NewTestScriptWithEnumeratorPasses&gt;d__1::MoveNext()</Name>
              <FileRef uid="35" />
              <SequencePoints>
                <SequencePoint vc="1" uspid="2924" ordinal="0" offset="31" sl="23" sc="5" el="23" ec="5" bec="0" bev="0" fileid="35" />
                <SequencePoint vc="1" uspid="2925" ordinal="0" offset="32" sl="26" sc="9" el="26" ec="9" bec="0" bev="0" fileid="35" />
                <SequencePoint vc="0" uspid="2926" ordinal="0" offset="60" sl="28" sc="5" el="28" ec="5" bec="0" bev="0" fileid="35" />
              </SequencePoints>
              <BranchPoints />
            </Method>
          </Methods>
        </Class>
        <Class>
          <Summary numSequencePoints="11" visitedSequencePoints="0" numBranchPoints="0" visitedBranchPoints="0" sequenceCoverage="0.0" branchCoverage="0.0" maxCyclomaticComplexity="0" minCyclomaticComplexity="0" maxCrapScore="0" minCrapScore="0" visitedClasses="0" numClasses="1" visitedMethods="0" numMethods="1" />
          <FullName>PatternTest/&lt;FIN&gt;d__20</FullName>
          <Methods>
            <Method visited="false" cyclomaticComplexity="0" nPathComplexity="0" sequenceCoverage="0.0" branchCoverage="0" crapScore="0" isConstructor="false" isStatic="false" isGetter="false" isSetter="false">
              <Summary numSequencePoints="11" visitedSequencePoints="0" numBranchPoints="0" visitedBranchPoints="0" sequenceCoverage="0.0" branchCoverage="0" maxCyclomaticComplexity="0" minCyclomaticComplexity="0" maxCrapScore="0" minCrapScore="0" visitedClasses="0" numClasses="0" visitedMethods="0" numMethods="1" />
              <MetadataToken>100663326</MetadataToken>
              <Name>System.Boolean PatternTest/&lt;FIN&gt;d__20::MoveNext()</Name>
              <FileRef uid="35" />
              <SequencePoints>
                <SequencePoint vc="0" uspid="2927" ordinal="0" offset="45" sl="145" sc="0" el="145" ec="0" bec="0" bev="0" fileid="35" />
                <SequencePoint vc="0" uspid="2928" ordinal="0" offset="46" sl="146" sc="0" el="146" ec="0" bec="0" bev="0" fileid="35" />
                <SequencePoint vc="0" uspid="2929" ordinal="0" offset="64" sl="147" sc="0" el="147" ec="0" bec="0" bev="0" fileid="35" />
                <SequencePoint vc="0" uspid="2930" ordinal="0" offset="82" sl="148" sc="0" el="148" ec="0" bec="0" bev="0" fileid="35" />
                <SequencePoint vc="0" uspid="2931" ordinal="0" offset="104" sl="150" sc="0" el="150" ec="0" bec="0" bev="0" fileid="35" />
                <SequencePoint vc="0" uspid="2932" ordinal="0" offset="136" sl="152" sc="0" el="152" ec="0" bec="0" bev="0" fileid="35" />
                <SequencePoint vc="0" uspid="2933" ordinal="0" offset="154" sl="153" sc="0" el="153" ec="0" bec="0" bev="0" fileid="35" />
                <SequencePoint vc="0" uspid="2934" ordinal="0" offset="171" sl="154" sc="0" el="154" ec="0" bec="0" bev="0" fileid="35" />
                <SequencePoint vc="0" uspid="2935" ordinal="0" offset="203" sl="156" sc="0" el="156" ec="0" bec="0" bev="0" fileid="35" />
                <SequencePoint vc="0" uspid="2936" ordinal="0" offset="221" sl="157" sc="0" el="157" ec="0" bec="0" bev="0" fileid="35" />
                <SequencePoint vc="0" uspid="2937" ordinal="0" offset="239" sl="158" sc="0" el="158" ec="0" bec="0" bev="0" fileid="35" />
              </SequencePoints>
              <BranchPoints />
            </Method>
          </Methods>
        </Class>
        <Class>
          <Summary numSequencePoints="9" visitedSequencePoints="9" numBranchPoints="0" visitedBranchPoints="0" sequenceCoverage="100.0" branchCoverage="0.0" maxCyclomaticComplexity="0" minCyclomaticComplexity="0" maxCrapScore="0" minCrapScore="0" visitedClasses="1" numClasses="1" visitedMethods="1" numMethods="1" />
          <FullName>PatternTest/&lt;BEGIN_TEST&gt;d__24</FullName>
          <Methods>
            <Method visited="true" cyclomaticComplexity="0" nPathComplexity="0" sequenceCoverage="100.0" branchCoverage="0" crapScore="0" isConstructor="false" isStatic="false" isGetter="false" isSetter="false">
              <Summary numSequencePoints="9" visitedSequencePoints="9" numBranchPoints="0" visitedBranchPoints="0" sequenceCoverage="100.0" branchCoverage="0" maxCyclomaticComplexity="0" minCyclomaticComplexity="0" maxCrapScore="0" minCrapScore="0" visitedClasses="0" numClasses="0" visitedMethods="1" numMethods="1" />
              <MetadataToken>100663332</MetadataToken>
              <Name>System.Boolean PatternTest/&lt;BEGIN_TEST&gt;d__24::MoveNext()</Name>
              <FileRef uid="35" />
              <SequencePoints>
                <SequencePoint vc="1" uspid="2938" ordinal="0" offset="31" sl="181" sc="5" el="181" ec="5" bec="0" bev="0" fileid="35" />
                <SequencePoint vc="1" uspid="2939" ordinal="0" offset="32" sl="182" sc="9" el="182" ec="9" bec="0" bev="0" fileid="35" />
                <SequencePoint vc="1" uspid="2940" ordinal="0" offset="64" sl="184" sc="9" el="184" ec="9" bec="0" bev="0" fileid="35" />
                <SequencePoint vc="1" uspid="2941" ordinal="0" offset="84" sl="184" sc="33" el="184" ec="33" bec="0" bev="0" fileid="35" />
                <SequencePoint vc="1" uspid="2942" ordinal="0" offset="85" sl="185" sc="13" el="185" ec="13" bec="0" bev="0" fileid="35" />
                <SequencePoint vc="1" uspid="2943" ordinal="0" offset="102" sl="186" sc="13" el="186" ec="13" bec="0" bev="0" fileid="35" />
                <SequencePoint vc="1" uspid="2944" ordinal="0" offset="114" sl="187" sc="13" el="187" ec="13" bec="0" bev="0" fileid="35" />
                <SequencePoint vc="1" uspid="2945" ordinal="0" offset="126" sl="188" sc="9" el="188" ec="9" bec="0" bev="0" fileid="35" />
                <SequencePoint vc="1" uspid="2946" ordinal="0" offset="127" sl="189" sc="5" el="189" ec="5" bec="0" bev="0" fileid="35" />
              </SequencePoints>
              <BranchPoints />
            </Method>
          </Methods>
        </Class>
      </Classes>
    </Module>
  </Modules>
</CoverageSession>